2013.08.10 06:21:52 No config file specified.
Defaulting to use conf\world.xml
2013.08.10 06:21:52 Loading world.
2013.08.10 06:21:53 1s to load landscape
2013.08.10 06:21:53 Loading world objects.
2013.08.10 06:21:53 Moparscape Classic [F2P] Server starting up...
2013.08.10 06:21:53 Attempting to connect to LS
2013.08.10 06:28:02 No config file specified.
Defaulting to use conf\world.xml
2013.08.10 06:28:02 Loading world.
2013.08.10 06:28:03 1s to load landscape
2013.08.10 06:28:03 Loading world objects.
2013.08.10 06:28:03 Moparscape Classic [F2P] Server starting up...
2013.08.10 06:28:03 Attempting to connect to LS
2013.08.10 06:28:03 Registering world (1) with LS
2013.08.10 06:28:03 GameEngine now running
2013.08.10 06:28:04 World successfully registered with LS
2013.08.10 06:28:04 GARBAGE COLLECT | Executing Memory Cleanup
2013.08.10 06:28:04 GARBAGE COLLECT | Memory before: 57946kb Memory after: 42176 (Freed: 15770kb)
2013.08.10 06:28:04 GARBAGE COLLECT | Cleanup took 253ms
2013.08.10 06:29:33 Connection from: 127.0.0.1
2013.08.10 06:29:58 Connection from: 127.0.0.1
2013.08.10 06:32:20 No config file specified.
Defaulting to use conf\world.xml
2013.08.10 06:32:20 Loading world.
2013.08.10 06:32:22 1s to load landscape
2013.08.10 06:32:22 Loading world objects.
2013.08.10 06:32:22 Moparscape Classic [F2P] Server starting up...
2013.08.10 06:32:22 Attempting to connect to LS
2013.08.10 06:32:22 Registering world (1) with LS
2013.08.10 06:32:22 GameEngine now running
2013.08.10 06:32:22 World successfully registered with LS
2013.08.10 06:32:22 GARBAGE COLLECT | Executing Memory Cleanup
2013.08.10 06:32:22 GARBAGE COLLECT | Memory before: 57771kb Memory after: 41586 (Freed: 16185kb)
2013.08.10 06:32:22 GARBAGE COLLECT | Cleanup took 178ms
2013.08.10 06:32:23 Connection from: 127.0.0.1
2013.08.10 06:32:26 Connection from: 127.0.0.1
2013.08.10 06:37:26 No config file specified.
Defaulting to use conf\world.xml
2013.08.10 06:37:26 Loading world.
2013.08.10 06:37:28 1s to load landscape
2013.08.10 06:37:28 Loading world objects.
2013.08.10 06:37:28 Moparscape Classic [F2P] Server starting up...
2013.08.10 06:37:28 Attempting to connect to LS
2013.08.10 06:37:28 Registering world (1) with LS
2013.08.10 06:37:28 GameEngine now running
2013.08.10 06:37:28 World successfully registered with LS
2013.08.10 06:37:29 GARBAGE COLLECT | Executing Memory Cleanup
2013.08.10 06:37:29 GARBAGE COLLECT | Memory before: 57577kb Memory after: 46580 (Freed: 10997kb)
2013.08.10 06:37:29 GARBAGE COLLECT | Cleanup took 281ms
2013.08.10 06:37:30 Connection from: 127.0.0.1
2013.08.10 06:37:45 Connection from: 127.0.0.1
2013.08.10 06:40:49 No config file specified.
Defaulting to use conf\world.xml
2013.08.10 06:40:49 Loading world.
2013.08.10 06:40:50 1s to load landscape
2013.08.10 06:40:50 Loading world objects.
2013.08.10 06:40:51 Moparscape Classic [F2P] Server starting up...
2013.08.10 06:40:51 Attempting to connect to LS
2013.08.10 06:40:51 Registering world (1) with LS
2013.08.10 06:40:51 GameEngine now running
2013.08.10 06:40:51 World successfully registered with LS
2013.08.10 06:40:51 GARBAGE COLLECT | Executing Memory Cleanup
2013.08.10 06:40:51 GARBAGE COLLECT | Memory before: 58011kb Memory after: 41525 (Freed: 16486kb)
2013.08.10 06:40:51 GARBAGE COLLECT | Cleanup took 345ms
2013.08.10 06:40:52 Connection from: 127.0.0.1
2013.08.10 06:41:03 Connection from: 127.0.0.1
2013.08.10 06:41:23 Connection from: 127.0.0.1
2013.08.10 06:44:04 Connection from: 127.0.0.1
2013.08.10 06:44:05 Connection from: 127.0.0.1
2013.08.10 06:44:13 Connection from: 127.0.0.1
2013.08.10 06:44:29 Connection from: 127.0.0.1
2013.08.10 06:46:45 No config file specified.
Defaulting to use conf\world.xml
2013.08.10 06:46:45 Loading world.
2013.08.10 06:46:47 1s to load landscape
2013.08.10 06:46:47 Loading world objects.
2013.08.10 06:46:47 Moparscape Classic [F2P] Server starting up...
2013.08.10 06:46:47 Attempting to connect to LS
2013.08.10 06:46:47 Registering world (1) with LS
2013.08.10 06:46:47 GameEngine now running
2013.08.10 06:46:47 World successfully registered with LS
2013.08.10 06:46:47 GARBAGE COLLECT | Executing Memory Cleanup
2013.08.10 06:46:47 GARBAGE COLLECT | Memory before: 57774kb Memory after: 40918 (Freed: 16856kb)
2013.08.10 06:46:47 GARBAGE COLLECT | Cleanup took 181ms
2013.08.10 06:46:48 Connection from: 127.0.0.1
2013.08.10 06:46:49 Connection from: 127.0.0.1
2013.08.10 06:47:01 Logout
2013.08.10 06:47:01 Logout
2013.08.10 06:47:03 Connection from: 127.0.0.1
2013.08.10 06:47:06 Logout
2013.08.10 06:47:06 Logout
2013.08.10 06:47:06 Logout
2013.08.10 06:47:10 Logout
2013.08.10 06:47:10 Logout
2013.08.10 06:47:10 Logout
2013.08.10 06:52:56 No config file specified.
Defaulting to use conf\world.xml
2013.08.10 06:52:56 Loading world.
2013.08.10 06:52:57 1s to load landscape
2013.08.10 06:52:57 Loading world objects.
2013.08.10 06:52:58 Moparscape Classic [F2P] Server starting up...
2013.08.10 06:52:58 Attempting to connect to LS
2013.08.10 06:52:58 Registering world (1) with LS
2013.08.10 06:52:58 GameEngine now running
2013.08.10 06:52:58 World successfully registered with LS
2013.08.10 06:52:58 GARBAGE COLLECT | Executing Memory Cleanup
2013.08.10 06:52:58 GARBAGE COLLECT | Memory before: 57749kb Memory after: 41554 (Freed: 16195kb)
2013.08.10 06:52:58 GARBAGE COLLECT | Cleanup took 180ms
2013.08.10 06:53:04 Connection from: 127.0.0.1
2013.08.10 06:53:05 Connection from: 127.0.0.1
2013.08.10 06:53:09 Logout
2013.08.10 06:53:11 Logout
2013.08.10 06:53:12 Logout
2013.08.10 06:53:14 Logout
2013.08.10 06:53:14 Logout
2013.08.10 06:57:31 No config file specified.
Defaulting to use conf\world.xml
2013.08.10 06:57:31 Loading world.
2013.08.10 06:57:32 1s to load landscape
2013.08.10 06:57:32 Loading world objects.
2013.08.10 06:57:32 Moparscape Classic [F2P] Server starting up...
2013.08.10 06:57:32 Attempting to connect to LS
2013.08.10 06:57:32 Registering world (1) with LS
2013.08.10 06:57:32 GameEngine now running
2013.08.10 06:57:33 World successfully registered with LS
2013.08.10 06:57:33 GARBAGE COLLECT | Executing Memory Cleanup
2013.08.10 06:57:33 GARBAGE COLLECT | Memory before: 57834kb Memory after: 44187 (Freed: 13647kb)
2013.08.10 06:57:33 GARBAGE COLLECT | Cleanup took 176ms
2013.08.10 06:57:33 Connection from: 127.0.0.1
2013.08.10 06:57:40 Connection from: 127.0.0.1
2013.08.10 06:57:49 Logout
2013.08.10 06:58:05 Connection from: 127.0.0.1
2013.08.10 06:58:12 Logout
2013.08.10 06:58:18 Logout
2013.08.10 06:58:28 Logout
2013.08.10 06:59:08 Logout
2013.08.10 06:59:13 Logout
2013.08.10 06:59:37 Logout
2013.08.10 06:59:40 Logout
2013.08.10 07:05:06 No config file specified.
Defaulting to use conf\world.xml
2013.08.10 07:05:06 Loading world.
2013.08.10 07:05:07 1s to load landscape
2013.08.10 07:05:07 Loading world objects.
2013.08.10 07:05:08 Moparscape Classic [F2P] Server starting up...
2013.08.10 07:05:08 Attempting to connect to LS
2013.08.10 07:05:10 Attempting to connect to LS
2013.08.10 07:05:10 Registering world (1) with LS
2013.08.10 07:05:10 GameEngine now running
2013.08.10 07:05:10 World successfully registered with LS
2013.08.10 07:05:10 GARBAGE COLLECT | Executing Memory Cleanup
2013.08.10 07:05:10 GARBAGE COLLECT | Memory before: 58931kb Memory after: 45254 (Freed: 13677kb)
2013.08.10 07:05:10 GARBAGE COLLECT | Cleanup took 189ms
2013.08.10 07:05:11 Connection from: 127.0.0.1
2013.08.10 07:05:13 Connection from: 127.0.0.1
2013.08.10 07:05:29 Logout
2013.08.10 07:06:54 Logout
2013.08.10 07:06:56 Connection from: 127.0.0.1
2013.08.10 07:08:55 No config file specified.
Defaulting to use conf\world.xml
2013.08.10 07:08:55 Loading world.
2013.08.10 07:08:56 1s to load landscape
2013.08.10 07:08:56 Loading world objects.
2013.08.10 07:08:57 Moparscape Classic [F2P] Server starting up...
2013.08.10 07:08:57 Attempting to connect to LS
2013.08.10 07:08:57 Registering world (1) with LS
2013.08.10 07:08:57 GameEngine now running
2013.08.10 07:08:57 World successfully registered with LS
2013.08.10 07:08:57 GARBAGE COLLECT | Executing Memory Cleanup
2013.08.10 07:08:57 GARBAGE COLLECT | Memory before: 57981kb Memory after: 42235 (Freed: 15746kb)
2013.08.10 07:08:57 GARBAGE COLLECT | Cleanup took 222ms
2013.08.10 07:08:58 Connection from: 127.0.0.1
2013.08.10 07:09:00 Connection from: 127.0.0.1
2013.08.10 07:09:19 Logout
2013.08.10 07:10:14 No config file specified.
Defaulting to use conf\world.xml
2013.08.10 07:10:14 Loading world.
2013.08.10 07:10:15 1s to load landscape
2013.08.10 07:10:15 Loading world objects.
2013.08.10 07:10:16 Moparscape Classic [F2P] Server starting up...
2013.08.10 07:10:16 Attempting to connect to LS
2013.08.10 07:10:16 Registering world (1) with LS
2013.08.10 07:10:16 GameEngine now running
2013.08.10 07:10:16 World successfully registered with LS
2013.08.10 07:10:16 GARBAGE COLLECT | Executing Memory Cleanup
2013.08.10 07:10:16 GARBAGE COLLECT | Memory before: 59543kb Memory after: 44613 (Freed: 14930kb)
2013.08.10 07:10:16 GARBAGE COLLECT | Cleanup took 181ms
2013.08.10 07:10:16 Connection from: 127.0.0.1
2013.08.10 07:10:20 Connection from: 127.0.0.1
2013.08.10 07:10:29 Logout
2013.08.10 07:10:30 Connection from: 127.0.0.1
2013.08.10 07:10:35 Logout
2013.08.10 07:13:37 No config file specified.
Defaulting to use conf\world.xml
2013.08.10 07:13:37 Loading world.
2013.08.10 07:13:38 1s to load landscape
2013.08.10 07:13:38 Loading world objects.
2013.08.10 07:13:39 Moparscape Classic [F2P] Server starting up...
2013.08.10 07:13:39 Attempting to connect to LS
2013.08.10 07:13:39 Registering world (1) with LS
2013.08.10 07:13:39 GameEngine now running
2013.08.10 07:13:39 World successfully registered with LS
2013.08.10 07:13:39 GARBAGE COLLECT | Executing Memory Cleanup
2013.08.10 07:13:39 GARBAGE COLLECT | Memory before: 57614kb Memory after: 46547 (Freed: 11067kb)
2013.08.10 07:13:39 GARBAGE COLLECT | Cleanup took 205ms
2013.08.10 07:13:40 Connection from: 127.0.0.1
2013.08.10 07:13:43 Connection from: 127.0.0.1
2013.08.10 07:13:46 Logout
2013.08.10 07:13:58 Logout
2013.08.10 07:14:28 Logout
2013.08.10 07:16:10 Logout
2013.08.10 07:16:23 Logout
2013.08.10 07:16:29 Logout
2013.08.10 07:18:42 ----------------------------------------------
2013.08.10 07:18:42 0 items on deque
2013.08.10 07:18:42 0 items on deque AFTER CLEANUP
2013.08.10 07:18:42 ----------------------------------------------
2013.08.10 07:23:46 ----------------------------------------------
2013.08.10 07:23:46 0 items on deque
2013.08.10 07:23:46 0 items on deque AFTER CLEANUP
2013.08.10 07:23:46 ----------------------------------------------
2013.08.10 07:28:50 ----------------------------------------------
2013.08.10 07:28:50 0 items on deque
2013.08.10 07:28:50 0 items on deque AFTER CLEANUP
2013.08.10 07:28:50 ----------------------------------------------
2013.08.10 07:33:54 ----------------------------------------------
2013.08.10 07:33:54 0 items on deque
2013.08.10 07:33:54 0 items on deque AFTER CLEANUP
2013.08.10 07:33:54 ----------------------------------------------
2013.08.10 07:38:58 ----------------------------------------------
2013.08.10 07:38:58 0 items on deque
2013.08.10 07:38:58 0 items on deque AFTER CLEANUP
2013.08.10 07:38:58 ----------------------------------------------
2013.08.10 07:44:01 ----------------------------------------------
2013.08.10 07:44:01 0 items on deque
2013.08.10 07:44:01 0 items on deque AFTER CLEANUP
2013.08.10 07:44:01 ----------------------------------------------
2013.08.10 07:49:05 ----------------------------------------------
2013.08.10 07:49:05 0 items on deque
2013.08.10 07:49:05 0 items on deque AFTER CLEANUP
2013.08.10 07:49:05 ----------------------------------------------
2013.08.10 07:54:09 ----------------------------------------------
2013.08.10 07:54:09 0 items on deque
2013.08.10 07:54:09 0 items on deque AFTER CLEANUP
2013.08.10 07:54:09 ----------------------------------------------
2013.08.10 07:59:13 ----------------------------------------------
2013.08.10 07:59:13 0 items on deque
2013.08.10 07:59:13 0 items on deque AFTER CLEANUP
2013.08.10 07:59:13 ----------------------------------------------
2013.08.10 08:04:17 ----------------------------------------------
2013.08.10 08:04:17 0 items on deque
2013.08.10 08:04:17 0 items on deque AFTER CLEANUP
2013.08.10 08:04:17 ----------------------------------------------
2013.08.10 08:09:20 ----------------------------------------------
2013.08.10 08:09:20 0 items on deque
2013.08.10 08:09:20 0 items on deque AFTER CLEANUP
2013.08.10 08:09:20 ----------------------------------------------
2013.08.10 08:14:24 ----------------------------------------------
2013.08.10 08:14:24 0 items on deque
2013.08.10 08:14:24 0 items on deque AFTER CLEANUP
2013.08.10 08:14:24 ----------------------------------------------
2013.08.10 08:19:28 ----------------------------------------------
2013.08.10 08:19:28 0 items on deque
2013.08.10 08:19:28 0 items on deque AFTER CLEANUP
2013.08.10 08:19:28 ----------------------------------------------
2013.08.10 08:24:32 ----------------------------------------------
2013.08.10 08:24:32 0 items on deque
2013.08.10 08:24:32 0 items on deque AFTER CLEANUP
2013.08.10 08:24:32 ----------------------------------------------
2013.08.10 08:29:35 ----------------------------------------------
2013.08.10 08:29:35 0 items on deque
2013.08.10 08:29:35 0 items on deque AFTER CLEANUP
2013.08.10 08:29:35 ----------------------------------------------
2013.08.10 08:34:39 ----------------------------------------------
2013.08.10 08:34:39 0 items on deque
2013.08.10 08:34:39 0 items on deque AFTER CLEANUP
2013.08.10 08:34:39 ----------------------------------------------
2013.08.10 08:39:43 ----------------------------------------------
2013.08.10 08:39:43 0 items on deque
2013.08.10 08:39:43 0 items on deque AFTER CLEANUP
2013.08.10 08:39:43 ----------------------------------------------
2013.08.10 08:44:47 ----------------------------------------------
2013.08.10 08:44:47 0 items on deque
2013.08.10 08:44:47 0 items on deque AFTER CLEANUP
2013.08.10 08:44:47 ----------------------------------------------
2013.08.10 08:49:51 ----------------------------------------------
2013.08.10 08:49:51 0 items on deque
2013.08.10 08:49:51 0 items on deque AFTER CLEANUP
2013.08.10 08:49:51 ----------------------------------------------
2013.08.10 08:53:39 GARBAGE COLLECT | Executing Memory Cleanup
2013.08.10 08:53:39 GARBAGE COLLECT | Memory before: 81971kb Memory after: 38596 (Freed: 43375kb)
2013.08.10 08:53:39 GARBAGE COLLECT | Cleanup took 208ms
2013.08.10 08:54:55 ----------------------------------------------
2013.08.10 08:54:55 0 items on deque
2013.08.10 08:54:55 0 items on deque AFTER CLEANUP
2013.08.10 08:54:55 ----------------------------------------------
2013.08.10 08:59:58 ----------------------------------------------
2013.08.10 08:59:58 0 items on deque
2013.08.10 08:59:58 0 items on deque AFTER CLEANUP
2013.08.10 08:59:58 ----------------------------------------------
2013.08.10 09:05:02 ----------------------------------------------
2013.08.10 09:05:02 0 items on deque
2013.08.10 09:05:02 0 items on deque AFTER CLEANUP
2013.08.10 09:05:02 ----------------------------------------------
2013.08.10 09:10:06 ----------------------------------------------
2013.08.10 09:10:06 0 items on deque
2013.08.10 09:10:06 0 items on deque AFTER CLEANUP
2013.08.10 09:10:06 ----------------------------------------------
2013.08.10 09:15:10 ----------------------------------------------
2013.08.10 09:15:10 0 items on deque
2013.08.10 09:15:10 0 items on deque AFTER CLEANUP
2013.08.10 09:15:10 ----------------------------------------------
2013.08.10 09:20:14 ----------------------------------------------
2013.08.10 09:20:14 0 items on deque
2013.08.10 09:20:14 0 items on deque AFTER CLEANUP
2013.08.10 09:20:14 ----------------------------------------------
2013.08.10 09:25:17 ----------------------------------------------
2013.08.10 09:25:17 0 items on deque
2013.08.10 09:25:17 0 items on deque AFTER CLEANUP
2013.08.10 09:25:17 ----------------------------------------------
2013.08.10 09:30:21 ----------------------------------------------
2013.08.10 09:30:21 0 items on deque
2013.08.10 09:30:21 0 items on deque AFTER CLEANUP
2013.08.10 09:30:21 ----------------------------------------------
2013.08.10 09:35:25 ----------------------------------------------
2013.08.10 09:35:25 0 items on deque
2013.08.10 09:35:25 0 items on deque AFTER CLEANUP
2013.08.10 09:35:25 ----------------------------------------------
2013.08.10 09:40:29 ----------------------------------------------
2013.08.10 09:40:29 0 items on deque
2013.08.10 09:40:29 0 items on deque AFTER CLEANUP
2013.08.10 09:40:29 ----------------------------------------------
2013.08.10 09:45:32 ----------------------------------------------
2013.08.10 09:45:32 0 items on deque
2013.08.10 09:45:32 0 items on deque AFTER CLEANUP
2013.08.10 09:45:32 ----------------------------------------------
2013.08.10 09:50:36 ----------------------------------------------
2013.08.10 09:50:36 0 items on deque
2013.08.10 09:50:36 0 items on deque AFTER CLEANUP
2013.08.10 09:50:36 ----------------------------------------------
2013.08.10 09:55:40 ----------------------------------------------
2013.08.10 09:55:40 0 items on deque
2013.08.10 09:55:40 0 items on deque AFTER CLEANUP
2013.08.10 09:55:40 ----------------------------------------------
2013.08.10 10:00:44 ----------------------------------------------
2013.08.10 10:00:44 0 items on deque
2013.08.10 10:00:44 0 items on deque AFTER CLEANUP
2013.08.10 10:00:44 ----------------------------------------------
2013.08.10 10:05:47 ----------------------------------------------
2013.08.10 10:05:47 0 items on deque
2013.08.10 10:05:47 0 items on deque AFTER CLEANUP
2013.08.10 10:05:47 ----------------------------------------------
2013.08.10 10:10:51 ----------------------------------------------
2013.08.10 10:10:51 0 items on deque
2013.08.10 10:10:51 0 items on deque AFTER CLEANUP
2013.08.10 10:10:51 ----------------------------------------------
2013.08.10 10:15:55 ----------------------------------------------
2013.08.10 10:15:55 0 items on deque
2013.08.10 10:15:55 0 items on deque AFTER CLEANUP
2013.08.10 10:15:55 ----------------------------------------------
2013.08.10 10:20:59 ----------------------------------------------
2013.08.10 10:20:59 0 items on deque
2013.08.10 10:20:59 0 items on deque AFTER CLEANUP
2013.08.10 10:20:59 ----------------------------------------------
2013.08.10 10:26:03 ----------------------------------------------
2013.08.10 10:26:03 0 items on deque
2013.08.10 10:26:03 0 items on deque AFTER CLEANUP
2013.08.10 10:26:03 ----------------------------------------------
2013.08.10 10:31:07 ----------------------------------------------
2013.08.10 10:31:07 0 items on deque
2013.08.10 10:31:07 0 items on deque AFTER CLEANUP
2013.08.10 10:31:07 ----------------------------------------------
2013.08.10 10:33:39 GARBAGE COLLECT | Executing Memory Cleanup
2013.08.10 10:33:39 GARBAGE COLLECT | Memory before: 58338kb Memory after: 36907 (Freed: 21431kb)
2013.08.10 10:33:39 GARBAGE COLLECT | Cleanup took 161ms
2013.08.10 10:36:10 ----------------------------------------------
2013.08.10 10:36:10 0 items on deque
2013.08.10 10:36:10 0 items on deque AFTER CLEANUP
2013.08.10 10:36:10 ----------------------------------------------
2013.08.10 10:41:14 ----------------------------------------------
2013.08.10 10:41:14 0 items on deque
2013.08.10 10:41:14 0 items on deque AFTER CLEANUP
2013.08.10 10:41:14 ----------------------------------------------
2013.08.10 10:46:18 ----------------------------------------------
2013.08.10 10:46:18 0 items on deque
2013.08.10 10:46:18 0 items on deque AFTER CLEANUP
2013.08.10 10:46:18 ----------------------------------------------
2013.08.10 10:51:21 ----------------------------------------------
2013.08.10 10:51:21 0 items on deque
2013.08.10 10:51:21 0 items on deque AFTER CLEANUP
2013.08.10 10:51:21 ----------------------------------------------
2013.08.10 10:56:25 ----------------------------------------------
2013.08.10 10:56:25 0 items on deque
2013.08.10 10:56:25 0 items on deque AFTER CLEANUP
2013.08.10 10:56:25 ----------------------------------------------
2013.08.10 11:01:29 ----------------------------------------------
2013.08.10 11:01:29 0 items on deque
2013.08.10 11:01:29 0 items on deque AFTER CLEANUP
2013.08.10 11:01:29 ----------------------------------------------
2013.08.10 11:06:33 ----------------------------------------------
2013.08.10 11:06:33 0 items on deque
2013.08.10 11:06:33 0 items on deque AFTER CLEANUP
2013.08.10 11:06:33 ----------------------------------------------
2013.08.10 11:11:37 ----------------------------------------------
2013.08.10 11:11:37 0 items on deque
2013.08.10 11:11:37 0 items on deque AFTER CLEANUP
2013.08.10 11:11:37 ----------------------------------------------
2013.08.10 11:16:41 ----------------------------------------------
2013.08.10 11:16:41 0 items on deque
2013.08.10 11:16:41 0 items on deque AFTER CLEANUP
2013.08.10 11:16:41 ----------------------------------------------
2013.08.10 11:21:44 ----------------------------------------------
2013.08.10 11:21:44 0 items on deque
2013.08.10 11:21:44 0 items on deque AFTER CLEANUP
2013.08.10 11:21:44 ----------------------------------------------
2013.08.10 11:26:48 ----------------------------------------------
2013.08.10 11:26:48 0 items on deque
2013.08.10 11:26:48 0 items on deque AFTER CLEANUP
2013.08.10 11:26:48 ----------------------------------------------
2013.08.10 11:31:52 ----------------------------------------------
2013.08.10 11:31:52 0 items on deque
2013.08.10 11:31:52 0 items on deque AFTER CLEANUP
2013.08.10 11:31:52 ----------------------------------------------
2013.08.10 11:36:56 ----------------------------------------------
2013.08.10 11:36:56 0 items on deque
2013.08.10 11:36:56 0 items on deque AFTER CLEANUP
2013.08.10 11:36:56 ----------------------------------------------
2013.08.10 11:41:59 ----------------------------------------------
2013.08.10 11:41:59 0 items on deque
2013.08.10 11:41:59 0 items on deque AFTER CLEANUP
2013.08.10 11:41:59 ----------------------------------------------
2013.08.10 11:47:03 ----------------------------------------------
2013.08.10 11:47:03 0 items on deque
2013.08.10 11:47:03 0 items on deque AFTER CLEANUP
2013.08.10 11:47:03 ----------------------------------------------
2013.08.10 11:52:07 ----------------------------------------------
2013.08.10 11:52:07 0 items on deque
2013.08.10 11:52:07 0 items on deque AFTER CLEANUP
2013.08.10 11:52:07 ----------------------------------------------
2013.08.10 11:57:11 ----------------------------------------------
2013.08.10 11:57:11 0 items on deque
2013.08.10 11:57:11 0 items on deque AFTER CLEANUP
2013.08.10 11:57:11 ----------------------------------------------
2013.08.10 12:02:15 ----------------------------------------------
2013.08.10 12:02:15 0 items on deque
2013.08.10 12:02:15 0 items on deque AFTER CLEANUP
2013.08.10 12:02:15 ----------------------------------------------
2013.08.10 12:07:18 ----------------------------------------------
2013.08.10 12:07:18 0 items on deque
2013.08.10 12:07:18 0 items on deque AFTER CLEANUP
2013.08.10 12:07:18 ----------------------------------------------
2013.08.10 12:12:22 ----------------------------------------------
2013.08.10 12:12:22 0 items on deque
2013.08.10 12:12:22 0 items on deque AFTER CLEANUP
2013.08.10 12:12:22 ----------------------------------------------
2013.08.10 12:13:39 GARBAGE COLLECT | Executing Memory Cleanup
2013.08.10 12:13:39 GARBAGE COLLECT | Memory before: 70250kb Memory after: 36961 (Freed: 33289kb)
2013.08.10 12:13:39 GARBAGE COLLECT | Cleanup took 164ms
2013.08.10 12:17:26 ----------------------------------------------
2013.08.10 12:17:26 0 items on deque
2013.08.10 12:17:26 0 items on deque AFTER CLEANUP
2013.08.10 12:17:26 ----------------------------------------------
2013.08.10 12:22:30 ----------------------------------------------
2013.08.10 12:22:30 0 items on deque
2013.08.10 12:22:30 0 items on deque AFTER CLEANUP
2013.08.10 12:22:30 ----------------------------------------------
2013.08.10 12:27:33 ----------------------------------------------
2013.08.10 12:27:33 0 items on deque
2013.08.10 12:27:33 0 items on deque AFTER CLEANUP
2013.08.10 12:27:33 ----------------------------------------------
2013.08.10 12:32:37 ----------------------------------------------
2013.08.10 12:32:37 0 items on deque
2013.08.10 12:32:37 0 items on deque AFTER CLEANUP
2013.08.10 12:32:37 ----------------------------------------------
2013.08.10 12:37:41 ----------------------------------------------
2013.08.10 12:37:41 0 items on deque
2013.08.10 12:37:41 0 items on deque AFTER CLEANUP
2013.08.10 12:37:41 ----------------------------------------------
2013.08.10 12:42:45 ----------------------------------------------
2013.08.10 12:42:45 0 items on deque
2013.08.10 12:42:45 0 items on deque AFTER CLEANUP
2013.08.10 12:42:45 ----------------------------------------------
2013.08.10 12:47:49 ----------------------------------------------
2013.08.10 12:47:49 0 items on deque
2013.08.10 12:47:49 0 items on deque AFTER CLEANUP
2013.08.10 12:47:49 ----------------------------------------------
2013.08.10 12:52:52 ----------------------------------------------
2013.08.10 12:52:52 0 items on deque
2013.08.10 12:52:52 0 items on deque AFTER CLEANUP
2013.08.10 12:52:52 ----------------------------------------------
2013.08.10 12:57:56 ----------------------------------------------
2013.08.10 12:57:56 0 items on deque
2013.08.10 12:57:56 0 items on deque AFTER CLEANUP
2013.08.10 12:57:56 ----------------------------------------------
2013.08.10 13:03:00 ----------------------------------------------
2013.08.10 13:03:00 0 items on deque
2013.08.10 13:03:00 0 items on deque AFTER CLEANUP
2013.08.10 13:03:00 ----------------------------------------------
2013.08.10 13:08:04 ----------------------------------------------
2013.08.10 13:08:04 0 items on deque
2013.08.10 13:08:04 0 items on deque AFTER CLEANUP
2013.08.10 13:08:04 ----------------------------------------------
2013.08.10 13:13:08 ----------------------------------------------
2013.08.10 13:13:08 0 items on deque
2013.08.10 13:13:08 0 items on deque AFTER CLEANUP
2013.08.10 13:13:08 ----------------------------------------------
2013.08.10 13:18:11 ----------------------------------------------
2013.08.10 13:18:11 0 items on deque
2013.08.10 13:18:11 0 items on deque AFTER CLEANUP
2013.08.10 13:18:11 ----------------------------------------------
2013.08.10 13:23:15 ----------------------------------------------
2013.08.10 13:23:15 0 items on deque
2013.08.10 13:23:15 0 items on deque AFTER CLEANUP
2013.08.10 13:23:15 ----------------------------------------------
2013.08.10 13:28:19 ----------------------------------------------
2013.08.10 13:28:19 0 items on deque
2013.08.10 13:28:19 0 items on deque AFTER CLEANUP
2013.08.10 13:28:19 ----------------------------------------------
2013.08.10 13:33:23 ----------------------------------------------
2013.08.10 13:33:23 0 items on deque
2013.08.10 13:33:23 0 items on deque AFTER CLEANUP
2013.08.10 13:33:23 ----------------------------------------------
2013.08.10 13:38:27 ----------------------------------------------
2013.08.10 13:38:27 0 items on deque
2013.08.10 13:38:27 0 items on deque AFTER CLEANUP
2013.08.10 13:38:27 ----------------------------------------------
2013.08.10 13:43:30 ----------------------------------------------
2013.08.10 13:43:30 0 items on deque
2013.08.10 13:43:30 0 items on deque AFTER CLEANUP
2013.08.10 13:43:30 ----------------------------------------------
2013.08.10 13:48:34 ----------------------------------------------
2013.08.10 13:48:34 0 items on deque
2013.08.10 13:48:34 0 items on deque AFTER CLEANUP
2013.08.10 13:48:34 ----------------------------------------------
2013.08.10 13:53:38 ----------------------------------------------
2013.08.10 13:53:38 0 items on deque
2013.08.10 13:53:38 0 items on deque AFTER CLEANUP
2013.08.10 13:53:38 ----------------------------------------------
2013.08.10 13:53:39 GARBAGE COLLECT | Executing Memory Cleanup
2013.08.10 13:53:39 GARBAGE COLLECT | Memory before: 60939kb Memory after: 36923 (Freed: 24016kb)
2013.08.10 13:53:39 GARBAGE COLLECT | Cleanup took 164ms
2013.08.10 13:58:42 ----------------------------------------------
2013.08.10 13:58:42 0 items on deque
2013.08.10 13:58:42 0 items on deque AFTER CLEANUP
2013.08.10 13:58:42 ----------------------------------------------
2013.08.10 14:03:45 ----------------------------------------------
2013.08.10 14:03:45 0 items on deque
2013.08.10 14:03:45 0 items on deque AFTER CLEANUP
2013.08.10 14:03:45 ----------------------------------------------
2013.08.10 14:08:49 ----------------------------------------------
2013.08.10 14:08:49 0 items on deque
2013.08.10 14:08:49 0 items on deque AFTER CLEANUP
2013.08.10 14:08:49 ----------------------------------------------
2013.08.10 14:13:53 ----------------------------------------------
2013.08.10 14:13:53 0 items on deque
2013.08.10 14:13:53 0 items on deque AFTER CLEANUP
2013.08.10 14:13:53 ----------------------------------------------
2013.08.10 14:18:57 ----------------------------------------------
2013.08.10 14:18:57 0 items on deque
2013.08.10 14:18:57 0 items on deque AFTER CLEANUP
2013.08.10 14:18:57 ----------------------------------------------
2013.08.10 14:24:01 ----------------------------------------------
2013.08.10 14:24:01 0 items on deque
2013.08.10 14:24:01 0 items on deque AFTER CLEANUP
2013.08.10 14:24:01 ----------------------------------------------
2013.08.10 14:29:04 ----------------------------------------------
2013.08.10 14:29:04 0 items on deque
2013.08.10 14:29:04 0 items on deque AFTER CLEANUP
2013.08.10 14:29:04 ----------------------------------------------
2013.08.10 14:34:08 ----------------------------------------------
2013.08.10 14:34:08 0 items on deque
2013.08.10 14:34:08 0 items on deque AFTER CLEANUP
2013.08.10 14:34:08 ----------------------------------------------
2013.08.10 14:39:12 ----------------------------------------------
2013.08.10 14:39:12 0 items on deque
2013.08.10 14:39:12 0 items on deque AFTER CLEANUP
2013.08.10 14:39:12 ----------------------------------------------
2013.08.10 14:44:16 ----------------------------------------------
2013.08.10 14:44:16 0 items on deque
2013.08.10 14:44:16 0 items on deque AFTER CLEANUP
2013.08.10 14:44:16 ----------------------------------------------
2013.08.10 14:49:20 ----------------------------------------------
2013.08.10 14:49:20 0 items on deque
2013.08.10 14:49:20 0 items on deque AFTER CLEANUP
2013.08.10 14:49:20 ----------------------------------------------
2013.08.10 14:54:23 ----------------------------------------------
2013.08.10 14:54:23 0 items on deque
2013.08.10 14:54:23 0 items on deque AFTER CLEANUP
2013.08.10 14:54:23 ----------------------------------------------
2013.08.10 14:59:27 ----------------------------------------------
2013.08.10 14:59:27 0 items on deque
2013.08.10 14:59:27 0 items on deque AFTER CLEANUP
2013.08.10 14:59:27 ----------------------------------------------
2013.08.10 15:04:31 ----------------------------------------------
2013.08.10 15:04:31 0 items on deque
2013.08.10 15:04:31 0 items on deque AFTER CLEANUP
2013.08.10 15:04:31 ----------------------------------------------
2013.08.10 15:09:35 ----------------------------------------------
2013.08.10 15:09:35 0 items on deque
2013.08.10 15:09:35 0 items on deque AFTER CLEANUP
2013.08.10 15:09:35 ----------------------------------------------
2013.08.10 15:14:38 ----------------------------------------------
2013.08.10 15:14:38 0 items on deque
2013.08.10 15:14:38 0 items on deque AFTER CLEANUP
2013.08.10 15:14:38 ----------------------------------------------
2013.08.10 15:19:42 ----------------------------------------------
2013.08.10 15:19:42 0 items on deque
2013.08.10 15:19:42 0 items on deque AFTER CLEANUP
2013.08.10 15:19:42 ----------------------------------------------
2013.08.10 15:24:46 ----------------------------------------------
2013.08.10 15:24:46 0 items on deque
2013.08.10 15:24:46 0 items on deque AFTER CLEANUP
2013.08.10 15:24:46 ----------------------------------------------
2013.08.10 15:29:50 ----------------------------------------------
2013.08.10 15:29:50 0 items on deque
2013.08.10 15:29:50 0 items on deque AFTER CLEANUP
2013.08.10 15:29:50 ----------------------------------------------
2013.08.10 15:33:39 GARBAGE COLLECT | Executing Memory Cleanup
2013.08.10 15:33:39 GARBAGE COLLECT | Memory before: 57411kb Memory after: 36835 (Freed: 20576kb)
2013.08.10 15:33:39 GARBAGE COLLECT | Cleanup took 145ms
2013.08.10 15:34:53 ----------------------------------------------
2013.08.10 15:34:53 0 items on deque
2013.08.10 15:34:53 0 items on deque AFTER CLEANUP
2013.08.10 15:34:53 ----------------------------------------------
2013.08.10 15:39:57 ----------------------------------------------
2013.08.10 15:39:57 0 items on deque
2013.08.10 15:39:57 0 items on deque AFTER CLEANUP
2013.08.10 15:39:57 ----------------------------------------------
2013.08.10 15:45:01 ----------------------------------------------
2013.08.10 15:45:01 0 items on deque
2013.08.10 15:45:01 0 items on deque AFTER CLEANUP
2013.08.10 15:45:01 ----------------------------------------------
2013.08.10 15:50:05 ----------------------------------------------
2013.08.10 15:50:05 0 items on deque
2013.08.10 15:50:05 0 items on deque AFTER CLEANUP
2013.08.10 15:50:05 ----------------------------------------------
2013.08.10 15:55:09 ----------------------------------------------
2013.08.10 15:55:09 0 items on deque
2013.08.10 15:55:09 0 items on deque AFTER CLEANUP
2013.08.10 15:55:09 ----------------------------------------------
2013.08.10 16:00:12 ----------------------------------------------
2013.08.10 16:00:12 0 items on deque
2013.08.10 16:00:12 0 items on deque AFTER CLEANUP
2013.08.10 16:00:12 ----------------------------------------------
2013.08.10 16:05:16 ----------------------------------------------
2013.08.10 16:05:16 0 items on deque
2013.08.10 16:05:16 0 items on deque AFTER CLEANUP
2013.08.10 16:05:16 ----------------------------------------------
2013.08.10 16:10:20 ----------------------------------------------
2013.08.10 16:10:20 0 items on deque
2013.08.10 16:10:20 0 items on deque AFTER CLEANUP
2013.08.10 16:10:20 ----------------------------------------------
2013.08.10 16:15:24 ----------------------------------------------
2013.08.10 16:15:24 0 items on deque
2013.08.10 16:15:24 0 items on deque AFTER CLEANUP
2013.08.10 16:15:24 ----------------------------------------------
2013.08.10 16:20:28 ----------------------------------------------
2013.08.10 16:20:28 0 items on deque
2013.08.10 16:20:28 0 items on deque AFTER CLEANUP
2013.08.10 16:20:28 ----------------------------------------------
2013.08.10 16:25:31 ----------------------------------------------
2013.08.10 16:25:31 0 items on deque
2013.08.10 16:25:31 0 items on deque AFTER CLEANUP
2013.08.10 16:25:31 ----------------------------------------------
2013.08.10 16:30:35 ----------------------------------------------
2013.08.10 16:30:35 0 items on deque
2013.08.10 16:30:35 0 items on deque AFTER CLEANUP
2013.08.10 16:30:35 ----------------------------------------------
2013.08.10 16:35:39 ----------------------------------------------
2013.08.10 16:35:39 0 items on deque
2013.08.10 16:35:39 0 items on deque AFTER CLEANUP
2013.08.10 16:35:39 ----------------------------------------------
2013.08.10 16:40:43 ----------------------------------------------
2013.08.10 16:40:43 0 items on deque
2013.08.10 16:40:43 0 items on deque AFTER CLEANUP
2013.08.10 16:40:43 ----------------------------------------------
2013.08.10 16:45:46 ----------------------------------------------
2013.08.10 16:45:46 0 items on deque
2013.08.10 16:45:46 0 items on deque AFTER CLEANUP
2013.08.10 16:45:46 ----------------------------------------------
2013.08.10 16:50:50 ----------------------------------------------
2013.08.10 16:50:50 0 items on deque
2013.08.10 16:50:50 0 items on deque AFTER CLEANUP
2013.08.10 16:50:50 ----------------------------------------------
2013.08.10 16:55:54 ----------------------------------------------
2013.08.10 16:55:54 0 items on deque
2013.08.10 16:55:54 0 items on deque AFTER CLEANUP
2013.08.10 16:55:54 ----------------------------------------------
2013.08.10 17:00:58 ----------------------------------------------
2013.08.10 17:00:58 0 items on deque
2013.08.10 17:00:58 0 items on deque AFTER CLEANUP
2013.08.10 17:00:58 ----------------------------------------------
2013.08.10 17:06:01 ----------------------------------------------
2013.08.10 17:06:01 0 items on deque
2013.08.10 17:06:01 0 items on deque AFTER CLEANUP
2013.08.10 17:06:01 ----------------------------------------------
2013.08.10 17:11:05 ----------------------------------------------
2013.08.10 17:11:05 0 items on deque
2013.08.10 17:11:05 0 items on deque AFTER CLEANUP
2013.08.10 17:11:05 ----------------------------------------------
2013.08.10 17:13:39 GARBAGE COLLECT | Executing Memory Cleanup
2013.08.10 17:13:39 GARBAGE COLLECT | Memory before: 49302kb Memory after: 36837 (Freed: 12465kb)
2013.08.10 17:13:39 GARBAGE COLLECT | Cleanup took 162ms
2013.08.10 17:16:09 ----------------------------------------------
2013.08.10 17:16:09 0 items on deque
2013.08.10 17:16:09 0 items on deque AFTER CLEANUP
2013.08.10 17:16:09 ----------------------------------------------
2013.08.10 17:17:27 Connection from: 127.0.0.1
2013.08.10 17:17:32 Connection from: 127.0.0.1
2013.08.10 17:17:43 Logout
2013.08.10 17:17:49 Logout
2013.08.10 17:17:51 Logout
2013.08.10 17:17:53 Connection from: 127.0.0.1
2013.08.10 17:21:13 ----------------------------------------------
2013.08.10 17:21:13 0 items on deque
2013.08.10 17:21:13 0 items on deque AFTER CLEANUP
2013.08.10 17:21:13 ----------------------------------------------
2013.08.10 17:26:17 ----------------------------------------------
2013.08.10 17:26:17 0 items on deque
2013.08.10 17:26:17 0 items on deque AFTER CLEANUP
2013.08.10 17:26:17 ----------------------------------------------
2013.08.10 17:30:14 No config file specified.
Defaulting to use conf\world.xml
2013.08.10 17:30:14 Loading world.
2013.08.10 17:30:15 1s to load landscape
2013.08.10 17:30:15 Loading world objects.
2013.08.10 17:30:16 Moparscape Classic [F2P] Server starting up...
2013.08.10 17:30:16 Attempting to connect to LS
2013.08.10 17:30:16 Registering world (1) with LS
2013.08.10 17:30:16 GameEngine now running
2013.08.10 17:30:16 World successfully registered with LS
2013.08.10 17:30:16 GARBAGE COLLECT | Executing Memory Cleanup
2013.08.10 17:30:16 GARBAGE COLLECT | Memory before: 55905kb Memory after: 41639 (Freed: 14266kb)
2013.08.10 17:30:16 GARBAGE COLLECT | Cleanup took 179ms
2013.08.10 17:30:17 Connection from: 127.0.0.1
2013.08.10 17:30:19 Connection from: 127.0.0.1
2013.08.10 17:31:58 No config file specified.
Defaulting to use conf\world.xml
2013.08.10 17:31:58 Loading world.
2013.08.10 17:31:59 1s to load landscape
2013.08.10 17:31:59 Loading world objects.
2013.08.10 17:31:59 Moparscape Classic [F2P] Server starting up...
2013.08.10 17:31:59 Attempting to connect to LS
2013.08.10 17:31:59 Registering world (1) with LS
2013.08.10 17:31:59 GameEngine now running
2013.08.10 17:32:00 World successfully registered with LS
2013.08.10 17:32:00 GARBAGE COLLECT | Executing Memory Cleanup
2013.08.10 17:32:00 GARBAGE COLLECT | Memory before: 58971kb Memory after: 43100 (Freed: 15871kb)
2013.08.10 17:32:00 GARBAGE COLLECT | Cleanup took 278ms
2013.08.10 17:32:01 Connection from: 127.0.0.1
2013.08.10 17:32:07 Connection from: 127.0.0.1
2013.08.10 17:33:40 No config file specified.
Defaulting to use conf\world.xml
2013.08.10 17:33:40 Loading world.
2013.08.10 17:33:41 1s to load landscape
2013.08.10 17:33:41 Loading world objects.
2013.08.10 17:33:42 Moparscape Classic [F2P] Server starting up...
2013.08.10 17:33:42 Attempting to connect to LS
2013.08.10 17:33:42 Registering world (1) with LS
2013.08.10 17:33:42 GameEngine now running
2013.08.10 17:33:42 World successfully registered with LS
2013.08.10 17:33:42 GARBAGE COLLECT | Executing Memory Cleanup
2013.08.10 17:33:42 GARBAGE COLLECT | Memory before: 57496kb Memory after: 44216 (Freed: 13280kb)
2013.08.10 17:33:42 GARBAGE COLLECT | Cleanup took 271ms
2013.08.10 17:33:43 Connection from: 127.0.0.1
2013.08.10 17:33:43 Connection from: 127.0.0.1
2013.08.10 17:36:04 No config file specified.
Defaulting to use conf\world.xml
2013.08.10 17:36:04 Loading world.
2013.08.10 17:36:05 1s to load landscape
2013.08.10 17:36:05 Loading world objects.
2013.08.10 17:36:05 Moparscape Classic [F2P] Server starting up...
2013.08.10 17:36:05 Attempting to connect to LS
2013.08.10 17:36:05 Registering world (1) with LS
2013.08.10 17:36:05 GameEngine now running
2013.08.10 17:36:06 World successfully registered with LS
2013.08.10 17:36:06 GARBAGE COLLECT | Executing Memory Cleanup
2013.08.10 17:36:06 GARBAGE COLLECT | Memory before: 57907kb Memory after: 44157 (Freed: 13750kb)
2013.08.10 17:36:06 GARBAGE COLLECT | Cleanup took 187ms
2013.08.10 17:36:06 Connection from: 127.0.0.1
2013.08.10 17:36:09 Connection from: 127.0.0.1
2013.08.10 17:36:31 Logout
2013.08.10 17:36:35 Connection from: 127.0.0.1
2013.08.10 17:37:08 Logout
2013.08.10 17:37:10 Connection from: 127.0.0.1
2013.08.10 17:38:54 No config file specified.
Defaulting to use conf\world.xml
2013.08.10 17:38:54 Loading world.
2013.08.10 17:38:55 1s to load landscape
2013.08.10 17:38:55 Loading world objects.
2013.08.10 17:38:55 Moparscape Classic [F2P] Server starting up...
2013.08.10 17:38:55 Attempting to connect to LS
2013.08.10 17:38:55 Registering world (1) with LS
2013.08.10 17:38:55 GameEngine now running
2013.08.10 17:38:56 World successfully registered with LS
2013.08.10 17:38:56 GARBAGE COLLECT | Executing Memory Cleanup
2013.08.10 17:38:56 GARBAGE COLLECT | Memory before: 57660kb Memory after: 45181 (Freed: 12479kb)
2013.08.10 17:38:56 GARBAGE COLLECT | Cleanup took 339ms
2013.08.10 17:38:56 Connection from: 127.0.0.1
2013.08.10 17:38:59 Connection from: 127.0.0.1
2013.08.10 17:39:01 Connection from: 127.0.0.1
2013.08.10 17:40:17 Logout
2013.08.10 17:40:23 Logout
2013.08.10 17:40:27 Connection from: 127.0.0.1
2013.08.10 17:42:01 No config file specified.
Defaulting to use conf\world.xml
2013.08.10 17:42:01 Loading world.
2013.08.10 17:42:03 1s to load landscape
2013.08.10 17:42:03 Loading world objects.
2013.08.10 17:42:03 Moparscape Classic [F2P] Server starting up...
2013.08.10 17:42:03 Attempting to connect to LS
2013.08.10 17:42:03 Registering world (1) with LS
2013.08.10 17:42:03 GameEngine now running
2013.08.10 17:42:03 World successfully registered with LS
2013.08.10 17:42:04 GARBAGE COLLECT | Executing Memory Cleanup
2013.08.10 17:42:04 GARBAGE COLLECT | Memory before: 58330kb Memory after: 46528 (Freed: 11802kb)
2013.08.10 17:42:04 GARBAGE COLLECT | Cleanup took 336ms
2013.08.10 17:42:04 Connection from: 127.0.0.1
2013.08.10 17:42:06 Connection from: 127.0.0.1
2013.08.10 17:42:37 Connection from: 127.0.0.1
2013.08.10 17:47:07 ----------------------------------------------
2013.08.10 17:47:07 0 items on deque
2013.08.10 17:47:07 0 items on deque AFTER CLEANUP
2013.08.10 17:47:07 ----------------------------------------------
2013.08.10 17:49:34 No config file specified.
Defaulting to use conf\world.xml
2013.08.10 17:49:34 Loading world.
2013.08.10 17:49:35 1s to load landscape
2013.08.10 17:49:35 Loading world objects.
2013.08.10 17:49:35 Moparscape Classic [F2P] Server starting up...
2013.08.10 17:49:35 Attempting to connect to LS
2013.08.10 17:49:35 Registering world (1) with LS
2013.08.10 17:49:35 GameEngine now running
2013.08.10 17:49:35 World successfully registered with LS
2013.08.10 17:49:36 GARBAGE COLLECT | Executing Memory Cleanup
2013.08.10 17:49:36 GARBAGE COLLECT | Memory before: 57822kb Memory after: 40936 (Freed: 16886kb)
2013.08.10 17:49:36 GARBAGE COLLECT | Cleanup took 212ms
2013.08.10 17:49:36 Connection from: 127.0.0.1
2013.08.10 17:49:37 Connection from: 127.0.0.1
2013.08.10 17:49:45 Logout
2013.08.10 17:50:28 Logout
2013.08.10 17:54:20 No config file specified.
Defaulting to use conf\world.xml
2013.08.10 17:54:20 Loading world.
2013.08.10 17:54:21 1s to load landscape
2013.08.10 17:54:21 Loading world objects.
2013.08.10 17:54:22 Moparscape Classic [F2P] Server starting up...
2013.08.10 17:54:22 Attempting to connect to LS
2013.08.10 17:54:22 Registering world (1) with LS
2013.08.10 17:54:22 GameEngine now running
2013.08.10 17:54:22 World successfully registered with LS
2013.08.10 17:54:22 GARBAGE COLLECT | Executing Memory Cleanup
2013.08.10 17:54:22 GARBAGE COLLECT | Memory before: 57254kb Memory after: 40885 (Freed: 16369kb)
2013.08.10 17:54:22 GARBAGE COLLECT | Cleanup took 181ms
2013.08.10 17:54:24 Connection from: 127.0.0.1
2013.08.10 17:54:24 Connection from: 127.0.0.1
2013.08.10 17:54:33 Logout
2013.08.10 17:54:37 Logout
2013.08.10 17:54:41 Logout
2013.08.10 17:54:42 Logout
2013.08.10 17:54:43 Logout
2013.08.10 17:54:43 Logout
2013.08.10 17:54:44 Logout
2013.08.10 17:54:44 Logout
2013.08.10 17:55:30 Logout
2013.08.10 17:55:53 Connection from: 127.0.0.1
2013.08.10 17:57:17 Logout
2013.08.10 17:57:57 No config file specified.
Defaulting to use conf\world.xml
2013.08.10 17:57:57 Loading world.
2013.08.10 17:57:59 1s to load landscape
2013.08.10 17:57:59 Loading world objects.
2013.08.10 17:57:59 Moparscape Classic [F2P] Server starting up...
2013.08.10 17:57:59 Attempting to connect to LS
2013.08.10 17:57:59 Registering world (1) with LS
2013.08.10 17:57:59 GameEngine now running
2013.08.10 17:57:59 World successfully registered with LS
2013.08.10 17:57:59 GARBAGE COLLECT | Executing Memory Cleanup
2013.08.10 17:57:59 GARBAGE COLLECT | Memory before: 59664kb Memory after: 46041 (Freed: 13623kb)
2013.08.10 17:57:59 GARBAGE COLLECT | Cleanup took 184ms
2013.08.10 17:58:00 Connection from: 127.0.0.1
2013.08.10 17:58:05 Connection from: 127.0.0.1
2013.08.10 18:00:37 No config file specified.
Defaulting to use conf\world.xml
2013.08.10 18:00:37 Loading world.
2013.08.10 18:00:38 1s to load landscape
2013.08.10 18:00:38 Loading world objects.
2013.08.10 18:00:38 Moparscape Classic [F2P] Server starting up...
2013.08.10 18:00:38 Attempting to connect to LS
2013.08.10 18:00:39 Registering world (1) with LS
2013.08.10 18:00:39 GameEngine now running
2013.08.10 18:00:39 World successfully registered with LS
2013.08.10 18:00:39 GARBAGE COLLECT | Executing Memory Cleanup
2013.08.10 18:00:39 GARBAGE COLLECT | Memory before: 58061kb Memory after: 41636 (Freed: 16425kb)
2013.08.10 18:00:39 GARBAGE COLLECT | Cleanup took 259ms
2013.08.10 18:00:40 Connection from: 127.0.0.1
2013.08.10 18:00:41 Connection from: 127.0.0.1
2013.08.10 18:00:43 Connection from: 127.0.0.1
2013.08.10 18:01:37 Connection from: 127.0.0.1
2013.08.10 18:05:42 ----------------------------------------------
2013.08.10 18:05:42 0 items on deque
2013.08.10 18:05:42 0 items on deque AFTER CLEANUP
2013.08.10 18:05:42 ----------------------------------------------
2013.08.10 18:10:46 ----------------------------------------------
2013.08.10 18:10:46 0 items on deque
2013.08.10 18:10:46 0 items on deque AFTER CLEANUP
2013.08.10 18:10:46 ----------------------------------------------
2013.08.10 18:15:48 Connection from: 127.0.0.1
2013.08.10 18:15:50 ----------------------------------------------
2013.08.10 18:15:50 0 items on deque
2013.08.10 18:15:50 0 items on deque AFTER CLEANUP
2013.08.10 18:15:50 ----------------------------------------------
2013.08.10 18:15:51 Connection from: 127.0.0.1
2013.08.10 18:20:54 ----------------------------------------------
2013.08.10 18:20:54 0 items on deque
2013.08.10 18:20:54 0 items on deque AFTER CLEANUP
2013.08.10 18:20:54 ----------------------------------------------
2013.08.10 18:25:58 ----------------------------------------------
2013.08.10 18:25:58 0 items on deque
2013.08.10 18:25:58 0 items on deque AFTER CLEANUP
2013.08.10 18:25:58 ----------------------------------------------
2013.08.10 18:31:02 ----------------------------------------------
2013.08.10 18:31:02 0 items on deque
2013.08.10 18:31:02 0 items on deque AFTER CLEANUP
2013.08.10 18:31:02 ----------------------------------------------
2013.08.10 18:32:36 No config file specified.
Defaulting to use conf\world.xml
2013.08.10 18:32:36 Loading world.
2013.08.10 18:32:37 1s to load landscape
2013.08.10 18:32:37 Loading world objects.
2013.08.10 18:32:38 Moparscape Classic [F2P] Server starting up...
2013.08.10 18:32:38 Attempting to connect to LS
2013.08.10 18:32:38 Registering world (1) with LS
2013.08.10 18:32:38 GameEngine now running
2013.08.10 18:32:38 World successfully registered with LS
2013.08.10 18:32:38 GARBAGE COLLECT | Executing Memory Cleanup
2013.08.10 18:32:38 GARBAGE COLLECT | Memory before: 58181kb Memory after: 42225 (Freed: 15956kb)
2013.08.10 18:32:38 GARBAGE COLLECT | Cleanup took 229ms
2013.08.10 18:32:40 Connection from: 127.0.0.1
2013.08.10 18:32:44 Connection from: 127.0.0.1
2013.08.10 18:33:18 Connection from: 127.0.0.1
2013.08.10 18:37:22 No config file specified.
Defaulting to use conf\world.xml
2013.08.10 18:37:22 Loading world.
2013.08.10 18:37:23 1s to load landscape
2013.08.10 18:37:23 Loading world objects.
2013.08.10 18:37:24 Moparscape Classic [F2P] Server starting up...
2013.08.10 18:37:24 Attempting to connect to LS
2013.08.10 18:37:24 Registering world (1) with LS
2013.08.10 18:37:24 GameEngine now running
2013.08.10 18:37:24 World successfully registered with LS
2013.08.10 18:37:24 GARBAGE COLLECT | Executing Memory Cleanup
2013.08.10 18:37:24 GARBAGE COLLECT | Memory before: 57049kb Memory after: 43954 (Freed: 13095kb)
2013.08.10 18:37:24 GARBAGE COLLECT | Cleanup took 385ms
2013.08.10 18:37:24 Connection from: 127.0.0.1
2013.08.10 18:37:24 Connection from: 127.0.0.1
2013.08.10 18:40:06 No config file specified.
Defaulting to use conf\world.xml
2013.08.10 18:40:06 Loading world.
2013.08.10 18:40:07 1s to load landscape
2013.08.10 18:40:07 Loading world objects.
2013.08.10 18:40:08 Moparscape Classic [F2P] Server starting up...
2013.08.10 18:40:08 Attempting to connect to LS
2013.08.10 18:40:08 Registering world (1) with LS
2013.08.10 18:40:08 GameEngine now running
2013.08.10 18:40:08 World successfully registered with LS
2013.08.10 18:40:08 GARBAGE COLLECT | Executing Memory Cleanup
2013.08.10 18:40:08 GARBAGE COLLECT | Memory before: 57484kb Memory after: 40902 (Freed: 16582kb)
2013.08.10 18:40:08 GARBAGE COLLECT | Cleanup took 194ms
2013.08.10 18:40:09 Connection from: 127.0.0.1
2013.08.10 18:40:11 Connection from: 127.0.0.1
2013.08.10 18:40:31 Connection from: 127.0.0.1
2013.08.10 18:40:53 Connection from: 127.0.0.1
2013.08.10 18:45:12 ----------------------------------------------
2013.08.10 18:45:12 0 items on deque
2013.08.10 18:45:12 0 items on deque AFTER CLEANUP
2013.08.10 18:45:12 ----------------------------------------------
2013.08.10 18:49:11 No config file specified.
Defaulting to use conf\world.xml
2013.08.10 18:49:11 Loading world.
2013.08.10 18:49:12 1s to load landscape
2013.08.10 18:49:12 Loading world objects.
2013.08.10 18:49:13 Moparscape Classic [F2P] Server starting up...
2013.08.10 18:49:13 Attempting to connect to LS
2013.08.10 18:49:13 Registering world (1) with LS
2013.08.10 18:49:13 GameEngine now running
2013.08.10 18:49:13 World successfully registered with LS
2013.08.10 18:49:13 GARBAGE COLLECT | Executing Memory Cleanup
2013.08.10 18:49:13 GARBAGE COLLECT | Memory before: 58033kb Memory after: 43536 (Freed: 14497kb)
2013.08.10 18:49:13 GARBAGE COLLECT | Cleanup took 336ms
2013.08.10 18:49:14 Connection from: 127.0.0.1
2013.08.10 18:49:16 Connection from: 127.0.0.1
2013.08.10 18:52:18 No config file specified.
Defaulting to use conf\world.xml
2013.08.10 18:52:18 Loading world.
2013.08.10 18:52:19 1s to load landscape
2013.08.10 18:52:19 Loading world objects.
2013.08.10 18:52:20 Moparscape Classic [F2P] Server starting up...
2013.08.10 18:52:20 Attempting to connect to LS
2013.08.10 18:52:20 Registering world (1) with LS
2013.08.10 18:52:20 GameEngine now running
2013.08.10 18:52:20 World successfully registered with LS
2013.08.10 18:52:20 GARBAGE COLLECT | Executing Memory Cleanup
2013.08.10 18:52:20 GARBAGE COLLECT | Memory before: 59741kb Memory after: 41640 (Freed: 18101kb)
2013.08.10 18:52:20 GARBAGE COLLECT | Cleanup took 247ms
2013.08.10 18:52:21 Connection from: 127.0.0.1
2013.08.10 18:52:23 Connection from: 127.0.0.1
2013.08.10 18:52:32 Connection from: 127.0.0.1
2013.08.10 18:57:23 ----------------------------------------------
2013.08.10 18:57:23 0 items on deque
2013.08.10 18:57:23 0 items on deque AFTER CLEANUP
2013.08.10 18:57:23 ----------------------------------------------
2013.08.10 19:02:27 ----------------------------------------------
2013.08.10 19:02:27 0 items on deque
2013.08.10 19:02:27 0 items on deque AFTER CLEANUP
2013.08.10 19:02:27 ----------------------------------------------
2013.08.10 19:07:31 ----------------------------------------------
2013.08.10 19:07:31 0 items on deque
2013.08.10 19:07:31 0 items on deque AFTER CLEANUP
2013.08.10 19:07:31 ----------------------------------------------
2013.08.10 19:12:35 ----------------------------------------------
2013.08.10 19:12:35 0 items on deque
2013.08.10 19:12:35 0 items on deque AFTER CLEANUP
2013.08.10 19:12:35 ----------------------------------------------
2013.08.10 19:17:39 ----------------------------------------------
2013.08.10 19:17:39 0 items on deque
2013.08.10 19:17:39 0 items on deque AFTER CLEANUP
2013.08.10 19:17:39 ----------------------------------------------
2013.08.10 19:23:03 No config file specified.
Defaulting to use conf\world.xml
2013.08.10 19:23:03 Loading world.
2013.08.10 19:23:04 1s to load landscape
2013.08.10 19:23:04 Loading world objects.
2013.08.10 19:23:05 Moparscape Classic [F2P] Server starting up...
2013.08.10 19:23:05 Attempting to connect to LS
2013.08.10 19:23:05 Registering world (1) with LS
2013.08.10 19:23:05 GameEngine now running
2013.08.10 19:23:05 World successfully registered with LS
2013.08.10 19:23:05 GARBAGE COLLECT | Executing Memory Cleanup
2013.08.10 19:23:05 GARBAGE COLLECT | Memory before: 59673kb Memory after: 44613 (Freed: 15060kb)
2013.08.10 19:23:05 GARBAGE COLLECT | Cleanup took 368ms
2013.08.10 19:23:08 Connection from: 127.0.0.1
2013.08.10 19:23:11 Connection from: 127.0.0.1
2013.08.10 19:28:08 ----------------------------------------------
2013.08.10 19:28:08 0 items on deque
2013.08.10 19:28:08 0 items on deque AFTER CLEANUP
2013.08.10 19:28:08 ----------------------------------------------
2013.08.10 19:31:08 No config file specified.
Defaulting to use conf\world.xml
2013.08.10 19:31:08 Loading world.
2013.08.10 19:31:09 1s to load landscape
2013.08.10 19:31:09 Loading world objects.
2013.08.10 19:31:10 Moparscape Classic [F2P] Server starting up...
2013.08.10 19:31:10 Attempting to connect to LS
2013.08.10 19:31:10 Registering world (1) with LS
2013.08.10 19:31:10 GameEngine now running
2013.08.10 19:31:10 World successfully registered with LS
2013.08.10 19:31:10 GARBAGE COLLECT | Executing Memory Cleanup
2013.08.10 19:31:10 GARBAGE COLLECT | Memory before: 57496kb Memory after: 44767 (Freed: 12729kb)
2013.08.10 19:31:10 GARBAGE COLLECT | Cleanup took 233ms
2013.08.10 19:31:10 Connection from: 127.0.0.1
2013.08.10 19:31:12 Connection from: 127.0.0.1
2013.08.10 19:31:16 Connection from: 127.0.0.1
2013.08.10 19:31:42 Connection from: 127.0.0.1
2013.08.10 19:36:13 ----------------------------------------------
2013.08.10 19:36:13 0 items on deque
2013.08.10 19:36:13 0 items on deque AFTER CLEANUP
2013.08.10 19:36:13 ----------------------------------------------
2013.08.10 19:37:36 No config file specified.
Defaulting to use conf\world.xml
2013.08.10 19:37:36 Loading world.
2013.08.10 19:37:37 1s to load landscape
2013.08.10 19:37:37 Loading world objects.
2013.08.10 19:37:38 Moparscape Classic [F2P] Server starting up...
2013.08.10 19:37:38 Attempting to connect to LS
2013.08.10 19:37:38 Registering world (1) with LS
2013.08.10 19:37:38 GameEngine now running
2013.08.10 19:37:38 World successfully registered with LS
2013.08.10 19:37:38 GARBAGE COLLECT | Executing Memory Cleanup
2013.08.10 19:37:38 GARBAGE COLLECT | Memory before: 60212kb Memory after: 44761 (Freed: 15451kb)
2013.08.10 19:37:38 GARBAGE COLLECT | Cleanup took 245ms
2013.08.10 19:37:39 Connection from: 127.0.0.1
2013.08.10 19:37:48 Connection from: 127.0.0.1
2013.08.10 19:38:01 Connection from: 127.0.0.1
2013.08.10 19:38:18 Connection from: 127.0.0.1
2013.08.10 19:38:26 Connection from: 127.0.0.1
2013.08.10 19:38:50 Connection from: 127.0.0.1
2013.08.10 19:39:04 Connection from: 127.0.0.1
2013.08.10 19:42:26 No config file specified.
Defaulting to use conf\world.xml
2013.08.10 19:42:26 Loading world.
2013.08.10 19:42:27 1s to load landscape
2013.08.10 19:42:27 Loading world objects.
2013.08.10 19:42:28 Moparscape Classic [F2P] Server starting up...
2013.08.10 19:42:28 Attempting to connect to LS
2013.08.10 19:42:28 Registering world (1) with LS
2013.08.10 19:42:28 GameEngine now running
2013.08.10 19:42:28 World successfully registered with LS
2013.08.10 19:42:28 GARBAGE COLLECT | Executing Memory Cleanup
2013.08.10 19:42:28 GARBAGE COLLECT | Memory before: 57652kb Memory after: 42228 (Freed: 15424kb)
2013.08.10 19:42:28 GARBAGE COLLECT | Cleanup took 234ms
2013.08.10 19:42:32 Connection from: 127.0.0.1
2013.08.10 19:42:38 Connection from: 127.0.0.1
2013.08.10 19:48:15 No config file specified.
Defaulting to use conf\world.xml
2013.08.10 19:48:15 Loading world.
2013.08.10 19:48:16 1s to load landscape
2013.08.10 19:48:16 Loading world objects.
2013.08.10 19:48:17 Moparscape Classic [F2P] Server starting up...
2013.08.10 19:48:17 Attempting to connect to LS
2013.08.10 19:48:17 Registering world (1) with LS
2013.08.10 19:48:17 GameEngine now running
2013.08.10 19:48:17 World successfully registered with LS
2013.08.10 19:48:17 GARBAGE COLLECT | Executing Memory Cleanup
2013.08.10 19:48:17 GARBAGE COLLECT | Memory before: 57508kb Memory after: 42228 (Freed: 15280kb)
2013.08.10 19:48:17 GARBAGE COLLECT | Cleanup took 250ms
2013.08.10 19:48:20 Connection from: 127.0.0.1
2013.08.10 19:48:23 Connection from: 127.0.0.1
2013.08.10 19:54:18 No config file specified.
Defaulting to use conf\world.xml
2013.08.10 19:54:18 Loading world.
2013.08.10 19:54:19 1s to load landscape
2013.08.10 19:54:19 Loading world objects.
2013.08.10 19:54:20 Moparscape Classic [F2P] Server starting up...
2013.08.10 19:54:20 Attempting to connect to LS
2013.08.10 19:54:20 Registering world (1) with LS
2013.08.10 19:54:20 GameEngine now running
2013.08.10 19:54:20 World successfully registered with LS
2013.08.10 19:54:20 GARBAGE COLLECT | Executing Memory Cleanup
2013.08.10 19:54:20 GARBAGE COLLECT | Memory before: 58141kb Memory after: 45295 (Freed: 12846kb)
2013.08.10 19:54:20 GARBAGE COLLECT | Cleanup took 218ms
2013.08.10 19:54:22 Connection from: 127.0.0.1
2013.08.10 19:54:24 Connection from: 127.0.0.1
2013.08.10 19:56:11 No config file specified.
Defaulting to use conf\world.xml
2013.08.10 19:56:11 Loading world.
2013.08.10 19:56:12 1s to load landscape
2013.08.10 19:56:12 Loading world objects.
2013.08.10 19:56:13 Moparscape Classic [F2P] Server starting up...
2013.08.10 19:56:13 Attempting to connect to LS
2013.08.10 19:56:13 Registering world (1) with LS
2013.08.10 19:56:13 GameEngine now running
2013.08.10 19:56:13 World successfully registered with LS
2013.08.10 19:56:13 GARBAGE COLLECT | Executing Memory Cleanup
2013.08.10 19:56:13 GARBAGE COLLECT | Memory before: 58087kb Memory after: 44204 (Freed: 13883kb)
2013.08.10 19:56:13 GARBAGE COLLECT | Cleanup took 233ms
2013.08.10 19:56:14 Connection from: 127.0.0.1
2013.08.10 19:56:16 Connection from: 127.0.0.1
2013.08.10 20:02:14 No config file specified.
Defaulting to use conf\world.xml
2013.08.10 20:02:14 Loading world.
2013.08.10 20:02:15 1s to load landscape
2013.08.10 20:02:15 Loading world objects.
2013.08.10 20:02:15 Moparscape Classic [F2P] Server starting up...
2013.08.10 20:02:15 Attempting to connect to LS
2013.08.10 20:02:15 Registering world (1) with LS
2013.08.10 20:02:15 GameEngine now running
2013.08.10 20:02:16 World successfully registered with LS
2013.08.10 20:02:16 GARBAGE COLLECT | Executing Memory Cleanup
2013.08.10 20:02:16 GARBAGE COLLECT | Memory before: 58474kb Memory after: 46072 (Freed: 12402kb)
2013.08.10 20:02:16 GARBAGE COLLECT | Cleanup took 181ms
2013.08.10 20:02:17 Connection from: 127.0.0.1
2013.08.10 20:02:24 Connection from: 127.0.0.1
2013.08.10 20:03:45 No config file specified.
Defaulting to use conf\world.xml
2013.08.10 20:03:45 Loading world.
2013.08.10 20:03:47 1s to load landscape
2013.08.10 20:03:47 Loading world objects.
2013.08.10 20:03:47 Moparscape Classic [F2P] Server starting up...
2013.08.10 20:03:47 Attempting to connect to LS
2013.08.10 20:03:47 Registering world (1) with LS
2013.08.10 20:03:47 GameEngine now running
2013.08.10 20:03:47 World successfully registered with LS
2013.08.10 20:03:48 GARBAGE COLLECT | Executing Memory Cleanup
2013.08.10 20:03:48 GARBAGE COLLECT | Memory before: 58420kb Memory after: 42165 (Freed: 16255kb)
2013.08.10 20:03:48 GARBAGE COLLECT | Cleanup took 236ms
2013.08.10 20:03:49 Connection from: 127.0.0.1
2013.08.10 20:03:49 Connection from: 127.0.0.1
2013.08.10 20:03:57 Connection from: 127.0.0.1
2013.08.10 20:05:13 No config file specified.
Defaulting to use conf\world.xml
2013.08.10 20:05:13 Loading world.
2013.08.10 20:05:14 1s to load landscape
2013.08.10 20:05:14 Loading world objects.
2013.08.10 20:05:15 Moparscape Classic [F2P] Server starting up...
2013.08.10 20:05:15 Attempting to connect to LS
2013.08.10 20:05:15 Registering world (1) with LS
2013.08.10 20:05:15 GameEngine now running
2013.08.10 20:05:15 World successfully registered with LS
2013.08.10 20:05:15 GARBAGE COLLECT | Executing Memory Cleanup
2013.08.10 20:05:15 GARBAGE COLLECT | Memory before: 58145kb Memory after: 42143 (Freed: 16002kb)
2013.08.10 20:05:15 GARBAGE COLLECT | Cleanup took 222ms
2013.08.10 20:05:17 Connection from: 127.0.0.1
2013.08.10 20:05:19 Connection from: 127.0.0.1
2013.08.10 20:08:23 No config file specified.
Defaulting to use conf\world.xml
2013.08.10 20:08:24 Loading world.
2013.08.10 20:08:25 1s to load landscape
2013.08.10 20:08:25 Loading world objects.
2013.08.10 20:08:25 Moparscape Classic [F2P] Server starting up...
2013.08.10 20:08:25 Attempting to connect to LS
2013.08.10 20:08:25 Registering world (1) with LS
2013.08.10 20:08:25 GameEngine now running
2013.08.10 20:08:25 World successfully registered with LS
2013.08.10 20:08:26 GARBAGE COLLECT | Executing Memory Cleanup
2013.08.10 20:08:26 GARBAGE COLLECT | Memory before: 59440kb Memory after: 46598 (Freed: 12842kb)
2013.08.10 20:08:26 GARBAGE COLLECT | Cleanup took 212ms
2013.08.10 20:08:29 Connection from: 127.0.0.1
2013.08.10 20:08:32 Connection from: 127.0.0.1
2013.08.10 20:12:01 No config file specified.
Defaulting to use conf\world.xml
2013.08.10 20:12:01 Loading world.
2013.08.10 20:12:02 1s to load landscape
2013.08.10 20:12:02 Loading world objects.
2013.08.10 20:12:03 Moparscape Classic [F2P] Server starting up...
2013.08.10 20:12:03 Attempting to connect to LS
2013.08.10 20:12:03 Registering world (1) with LS
2013.08.10 20:12:03 GameEngine now running
2013.08.10 20:12:03 World successfully registered with LS
2013.08.10 20:12:03 GARBAGE COLLECT | Executing Memory Cleanup
2013.08.10 20:12:03 GARBAGE COLLECT | Memory before: 57630kb Memory after: 45991 (Freed: 11639kb)
2013.08.10 20:12:03 GARBAGE COLLECT | Cleanup took 275ms
2013.08.10 20:12:06 Connection from: 127.0.0.1
2013.08.10 20:12:09 Connection from: 127.0.0.1
2013.08.10 20:17:06 ----------------------------------------------
2013.08.10 20:17:06 0 items on deque
2013.08.10 20:17:06 0 items on deque AFTER CLEANUP
2013.08.10 20:17:06 ----------------------------------------------
2013.08.10 20:20:00 No config file specified.
Defaulting to use conf\world.xml
2013.08.10 20:20:00 Loading world.
2013.08.10 20:20:01 1s to load landscape
2013.08.10 20:20:01 Loading world objects.
2013.08.10 20:20:02 Moparscape Classic [F2P] Server starting up...
2013.08.10 20:20:02 Attempting to connect to LS
2013.08.10 20:20:02 Registering world (1) with LS
2013.08.10 20:20:02 GameEngine now running
2013.08.10 20:20:02 World successfully registered with LS
2013.08.10 20:20:02 GARBAGE COLLECT | Executing Memory Cleanup
2013.08.10 20:20:02 GARBAGE COLLECT | Memory before: 57699kb Memory after: 41588 (Freed: 16111kb)
2013.08.10 20:20:02 GARBAGE COLLECT | Cleanup took 189ms
2013.08.10 20:20:04 Connection from: 127.0.0.1
2013.08.10 20:20:08 Connection from: 127.0.0.1
2013.08.10 20:21:19 Connection from: 127.0.0.1
2013.08.10 20:21:45 Connection from: 127.0.0.1
2013.08.10 20:21:49 Connection from: 127.0.0.1
2013.08.10 20:25:05 ----------------------------------------------
2013.08.10 20:25:05 0 items on deque
2013.08.10 20:25:05 0 items on deque AFTER CLEANUP
2013.08.10 20:25:05 ----------------------------------------------
2013.08.10 20:27:36 No config file specified.
Defaulting to use conf\world.xml
2013.08.10 20:27:36 Loading world.
2013.08.10 20:27:37 1s to load landscape
2013.08.10 20:27:37 Loading world objects.
2013.08.10 20:27:37 Moparscape Classic [F2P] Server starting up...
2013.08.10 20:27:37 Attempting to connect to LS
2013.08.10 20:27:38 Registering world (1) with LS
2013.08.10 20:27:38 GameEngine now running
2013.08.10 20:27:38 World successfully registered with LS
2013.08.10 20:27:38 GARBAGE COLLECT | Executing Memory Cleanup
2013.08.10 20:27:38 GARBAGE COLLECT | Memory before: 60099kb Memory after: 44023 (Freed: 16076kb)
2013.08.10 20:27:38 GARBAGE COLLECT | Cleanup took 184ms
2013.08.10 20:27:38 Connection from: 127.0.0.1
2013.08.10 20:27:40 Connection from: 127.0.0.1
2013.08.10 20:30:14 No config file specified.
Defaulting to use conf\world.xml
2013.08.10 20:30:14 Loading world.
2013.08.10 20:30:15 1s to load landscape
2013.08.10 20:30:15 Loading world objects.
2013.08.10 20:30:15 Moparscape Classic [F2P] Server starting up...
2013.08.10 20:30:15 Attempting to connect to LS
2013.08.10 20:30:15 Registering world (1) with LS
2013.08.10 20:30:15 GameEngine now running
2013.08.10 20:30:15 World successfully registered with LS
2013.08.10 20:30:16 GARBAGE COLLECT | Executing Memory Cleanup
2013.08.10 20:30:16 GARBAGE COLLECT | Memory before: 57993kb Memory after: 40901 (Freed: 17092kb)
2013.08.10 20:30:16 GARBAGE COLLECT | Cleanup took 180ms
2013.08.10 20:30:16 Connection from: 127.0.0.1
2013.08.10 20:30:19 Connection from: 127.0.0.1
2013.08.10 20:30:32 Connection from: 127.0.0.1
2013.08.10 20:32:02 No config file specified.
Defaulting to use conf\world.xml
2013.08.10 20:32:02 Loading world.
2013.08.10 20:32:03 1s to load landscape
2013.08.10 20:32:03 Loading world objects.
2013.08.10 20:32:04 Moparscape Classic [F2P] Server starting up...
2013.08.10 20:32:04 Attempting to connect to LS
2013.08.10 20:32:04 Registering world (1) with LS
2013.08.10 20:32:04 GameEngine now running
2013.08.10 20:32:04 World successfully registered with LS
2013.08.10 20:32:04 GARBAGE COLLECT | Executing Memory Cleanup
2013.08.10 20:32:04 GARBAGE COLLECT | Memory before: 57598kb Memory after: 44736 (Freed: 12862kb)
2013.08.10 20:32:04 GARBAGE COLLECT | Cleanup took 214ms
2013.08.10 20:32:07 Connection from: 127.0.0.1
2013.08.10 20:32:07 Connection from: 127.0.0.1
2013.08.10 20:34:51 No config file specified.
Defaulting to use conf\world.xml
2013.08.10 20:34:51 Loading world.
2013.08.10 20:34:52 1s to load landscape
2013.08.10 20:34:52 Loading world objects.
2013.08.10 20:34:52 Moparscape Classic [F2P] Server starting up...
2013.08.10 20:34:52 Attempting to connect to LS
2013.08.10 20:34:52 Registering world (1) with LS
2013.08.10 20:34:52 GameEngine now running
2013.08.10 20:34:52 World successfully registered with LS
2013.08.10 20:34:53 GARBAGE COLLECT | Executing Memory Cleanup
2013.08.10 20:34:53 GARBAGE COLLECT | Memory before: 57307kb Memory after: 42114 (Freed: 15193kb)
2013.08.10 20:34:53 GARBAGE COLLECT | Cleanup took 353ms
2013.08.10 20:34:54 Connection from: 127.0.0.1
2013.08.10 20:34:56 Connection from: 127.0.0.1
2013.08.10 20:35:05 Connection from: 127.0.0.1
2013.08.10 20:36:13 Connection from: 127.0.0.1
2013.08.10 20:39:56 ----------------------------------------------
2013.08.10 20:39:56 0 items on deque
2013.08.10 20:39:56 0 items on deque AFTER CLEANUP
2013.08.10 20:39:56 ----------------------------------------------
2013.08.10 20:41:50 No config file specified.
Defaulting to use conf\world.xml
2013.08.10 20:41:50 Loading world.
2013.08.10 20:41:51 1s to load landscape
2013.08.10 20:41:51 Loading world objects.
2013.08.10 20:41:52 Moparscape Classic [F2P] Server starting up...
2013.08.10 20:41:52 Attempting to connect to LS
2013.08.10 20:41:52 Registering world (1) with LS
2013.08.10 20:41:52 GameEngine now running
2013.08.10 20:41:52 World successfully registered with LS
2013.08.10 20:41:52 GARBAGE COLLECT | Executing Memory Cleanup
2013.08.10 20:41:52 GARBAGE COLLECT | Memory before: 57588kb Memory after: 43959 (Freed: 13629kb)
2013.08.10 20:41:52 GARBAGE COLLECT | Cleanup took 237ms
2013.08.10 20:41:53 Connection from: 127.0.0.1
2013.08.10 20:41:57 Connection from: 127.0.0.1
2013.08.10 20:42:26 Connection from: 127.0.0.1
