15:20:29 24-06-11: java.io.IOException: Broken pipe
15:20:29 24-06-11: 

15:20:29 24-06-11: 	at sun.nio.ch.FileDispatcher.write0(Native Method)
15:20:29 24-06-11: 

15:20:29 24-06-11: 

15:20:29 24-06-11: 	at sun.nio.ch.FileDispatcher.write0(Native Method)
15:20:29 24-06-11: 

15:20:29 24-06-11: 	at sun.nio.ch.SocketDispatcher.write(SocketDispatcher.java:47)
15:20:29 24-06-11: 

15:20:29 24-06-11: 	at sun.nio.ch.IOUtil.writeFromNativeBuffer(IOUtil.java:122)
15:20:29 24-06-11: 

15:20:29 24-06-11: 	at sun.nio.ch.IOUtil.write(IOUtil.java:78)
15:20:29 24-06-11: 

15:20:29 24-06-11: 

15:20:29 24-06-11: 	at sun.nio.ch.FileDispatcher.write0(Native Method)
15:20:29 24-06-11: 

15:20:29 24-06-11: 	at sun.nio.ch.SocketDispatcher.write(SocketDispatcher.java:47)
15:20:29 24-06-11: 

15:20:29 24-06-11: 	at sun.nio.ch.IOUtil.writeFromNativeBuffer(IOUtil.java:122)
15:20:29 24-06-11: 

15:20:29 24-06-11: 	at sun.nio.ch.IOUtil.write(IOUtil.java:78)
15:20:29 24-06-11: 

15:20:29 24-06-11: 	at sun.nio.ch.SocketChannelImpl.write(SocketChannelImpl.java:352)
15:20:29 24-06-11: 

15:20:29 24-06-11: 	at org.apache.mina.transport.socket.nio.SocketIoProcessor.doFlush(SocketIoProcessor.java:414)
15:20:29 24-06-11: 

15:20:29 24-06-11: 	at org.apache.mina.transport.socket.nio.SocketIoProcessor.doFlush(SocketIoProcessor.java:332)
15:20:29 24-06-11: 

15:20:29 24-06-11: 	at org.apache.mina.transport.socket.nio.SocketIoProcessor.access$500(SocketIoProcessor.java:45)
15:20:29 24-06-11: 

15:20:29 24-06-11: 

15:20:29 24-06-11: 	at sun.nio.ch.FileDispatcher.write0(Native Method)
15:20:29 24-06-11: 

15:20:29 24-06-11: 	at sun.nio.ch.SocketDispatcher.write(SocketDispatcher.java:47)
15:20:29 24-06-11: 

15:20:29 24-06-11: 	at sun.nio.ch.IOUtil.writeFromNativeBuffer(IOUtil.java:122)
15:20:29 24-06-11: 

15:20:29 24-06-11: 	at sun.nio.ch.IOUtil.write(IOUtil.java:78)
15:20:29 24-06-11: 

15:20:29 24-06-11: 	at sun.nio.ch.SocketChannelImpl.write(SocketChannelImpl.java:352)
15:20:29 24-06-11: 

15:20:29 24-06-11: 	at org.apache.mina.transport.socket.nio.SocketIoProcessor.doFlush(SocketIoProcessor.java:414)
15:20:29 24-06-11: 

15:20:29 24-06-11: 	at org.apache.mina.transport.socket.nio.SocketIoProcessor.doFlush(SocketIoProcessor.java:332)
15:20:29 24-06-11: 

15:20:29 24-06-11: 	at org.apache.mina.transport.socket.nio.SocketIoProcessor.access$500(SocketIoProcessor.java:45)
15:20:29 24-06-11: 

15:20:29 24-06-11: 	at org.apache.mina.transport.socket.nio.SocketIoProcessor$Worker.run(SocketIoProcessor.java:488)
15:20:29 24-06-11: 

15:20:29 24-06-11: 	at org.apache.mina.util.NamePreservingRunnable.run(NamePreservingRunnable.java:51)
15:20:29 24-06-11: 

15:20:29 24-06-11: 	at java.util.concurrent.ThreadPoolExecutor.runWorker(ThreadPoolExecutor.java:1110)
15:20:29 24-06-11: 

15:20:29 24-06-11: 	at java.util.concurrent.ThreadPoolExecutor$Worker.run(ThreadPoolExecutor.java:603)
15:20:29 24-06-11: 

15:20:29 24-06-11: 	at java.lang.Thread.run(Thread.java:636)
15:20:29 24-06-11: 

