05:36:35:0705	32	0,57,48,50,98,51,52,57,99,53,100,57,99
05:36:35:0707	77	68,-27,7,-13,-85,125,36,-37,-36,-121,-121,39,68,21,27,87,2,-59,39,-68,78,-62,-17,-73,76,-100,98,-5,-43,-114,-102,59,-74,13,84,-121,-111,-34,93,107,53,49,97,-61,-51,42,-30,12,-85,-109,27,72,55,-117,-69,68,-6,-19,114,-2,-35,107,-63,124,110,119,24,-21,32,-42,107,118,-47,15,-63,-31,-9,105,2,79,36,12,-77,-114,64,-85,5,-27,-6,-98,-50,20,-75,71,93,123,115,6,21,91,74,-13,71,-84,-114,98,83,110,-27,-98,-73,-31,-1,121,-97,20,-68,81,-40,33,-82,83,97,104,104,107,44,88,56,-115,-9,117,-127,-3,24,54,79,126,-93,-123,-11,-25,61,-103,-30,94,-45,-67,-125,-43,116,-127,125,48,106,-38,62,-75,-10,4,-74,-82,8,-16,32,105,69,10,-13,-64,-87,-84,73,-51,-55,-44,-115,-46,-107,-127,101,114,-39,-60,-126,61,-66,-67,-52,-88,82,49,-113,-14,-13,29,92,-44,127,-96,119,-117,-29,6,13,110,93,92,112,91,88,32,-114,-25,89,-51,-74,-23,-21,63,60,127,25,-92,-29,120,-94,98,63,-63,-113,-25,-28,-38,-35,-72,70,98,-98,-122,9,-44,-13,-73,-2,-75,-108,-89,-35,-94,75,38,52,-33,-75,37
05:36:36:0672	83	0,1,0,1,0,0
05:36:37:0089	218	1,0,1,2,2,8,14,0
05:36:38:0195	132	0,124,2,-121
05:36:56:0503	176	0,1,0,0
05:37:01:0917	176	0,0,0,0
05:37:11:0100	83	0,1,0,3,0,0
05:37:17:0978	176	0,1,0,0
05:37:18:0985	176	0,0,0,0
05:38:59:0587	32	0,57,48,50,98,51,52,57,99,53,100,57,99
05:38:59:0590	77	50,110,-82,-38,104,-17,69,-27,-29,3,67,20,-118,91,-119,29,117,114,-60,-86,-31,32,76,71,59,-65,115,-3,45,30,-84,2,-90,33,-49,-48,105,-108,-100,70,-107,6,-10,-121,-14,95,-71,97,-33,-71,41,-3,116,95,-92,-58,119,-20,-30,1,32,-23,85,-121,-83,-91,-101,-91,71,-120,70,2,-57,102,58,-119,74,-111,-73,-90,55,4,23,84,23,-51,105,54,-36,53,14,-102,9,-29,120,-35,88,125,50,73,-87,92,45,24,5,-23,39,59,48,1,112,104,-118,-71,14,124,19,51,-128,36,82,-29,95,56,-90,-105,-29,96,87,99,10,116,24,98,31,101,-30,49,94,-30,12,59,-120,55,17,30,54,19,9,-61,20,-93,-87,-1,-86,-17,-16,96,48,-20,-16,39,61,73,13,63,-60,123,73,41,36,-71,-5,24,126,109,38,86,55,90,-42,-111,12,67,74,-109,-27,104,-27,66,48,99,54,-100,103,29,-55,-110,119,79,80,114,45,-30,50,-67,6,-36,-110,89,43,-6,1,37,48,-58,107,-35,-118,56,126,-41,68,74,61,-78,-101,25,-12,-11,-91,-65,72,-118,-115,-110,-84,104,104,25,95,78,-114,-32,82,-60,-84,-94,-126,89,-6,-111,120,103,-121,-33
05:39:01:0873	32	0,57,48,50,98,51,52,57,99,53,100,57,99
05:39:01:0905	77	15,-25,39,10,90,-70,-5,-27,-98,-79,79,-118,87,-34,13,-114,16,-103,-6,25,-70,22,-87,-88,-50,-6,-72,54,-91,-38,7,-97,-33,103,-28,37,-3,89,22,69,4,-56,27,97,-8,5,49,-126,97,66,51,-127,-32,21,-102,73,-10,-17,31,99,68,-54,65,-45,115,-69,96,7,-61,-32,-107,56,124,120,123,44,-1,-124,-81,-115,70,-37,30,-23,-102,65,-37,73,-113,-15,59,15,114,60,59,29,109,-115,-3,-8,-90,-24,16,-68,-8,-6,90,77,-113,101,78,53,89,-98,3,-22,124,12,95,95,-62,-109,-58,70,-65,-18,61,54,74,10,31,117,113,78,45,113,106,23,-124,-95,-22,-16,-87,-34,-98,-18,-128,46,-3,-77,77,-1,57,-51,70,-41,113,-55,-57,70,-12,-9,71,89,-10,-114,-97,83,123,-2,13,-47,-16,17,-86,-56,122,-115,-121,-48,28,56,17,-21,43,-15,-103,111,-2,15,-118,-44,-66,115,-6,0,115,12,30,9,123,-116,-114,84,103,52,-100,-18,-81,126,50,-64,38,-58,2,-73,20,-101,-72,78,24,-125,-69,-38,39,5,-72,-7,48,108,-1,98,70,-110,-14,55,-92,105,-29,84,-64,3,2,65,41,-6,-104,55,-115,-87,-36,-128,32,116,30,-82
05:39:02:0480	83	0,1,0,0,0,0
05:39:05:0604	176	0,1,0,0
05:39:14:0860	176	0,0,0,0
05:39:15:0699	176	0,1,0,0
05:39:16:0171	176	0,0,0,0
05:39:16:0931	176	0,1,0,0
05:39:17:0878	176	0,0,0,0
05:39:18:0538	176	0,1,0,0
05:40:17:0218	25	0,0,0,0,2,64,56,-62
05:40:22:0087	176	0,0,0,0
05:40:23:0177	129	
05:40:27:0743	32	0,57,48,50,98,51,52,57,99,53,100,57,99
05:40:27:0746	77	116,123,-2,10,77,-9,-99,123,24,-42,25,-97,-28,15,-96,-113,-14,-48,-83,-105,-20,-122,-94,-52,-54,-102,-22,13,30,-4,6,114,7,-24,13,58,-2,23,104,66,56,-68,45,48,-34,77,-99,75,71,-41,-1,109,23,46,73,81,-39,-53,19,-1,96,110,113,79,63,-60,-67,18,-52,-93,69,79,-10,-52,42,51,77,-67,-33,-63,121,-57,79,-100,51,-21,-127,-30,-86,70,-104,111,-94,91,-21,44,-46,46,72,21,-42,-101,85,98,-31,10,-75,-18,84,124,123,-43,13,79,30,-90,31,-97,-49,-10,-20,-16,-103,104,-47,62,-46,5,104,-89,78,-35,8,-16,-50,-119,30,113,-33,101,-80,-90,-109,96,111,-44,-98,63,-66,13,124,-90,52,66,-32,-13,48,92,43,-80,120,47,15,4,-29,2,-49,-75,8,-53,-95,23,91,99,65,-67,-105,-67,-33,-54,11,-9,-25,77,109,-5,-76,76,-122,50,59,121,-18,57,60,22,-8,4,-20,90,-115,-22,-102,26,-90,-61,-2,63,82,56,-77,-109,-11,120,-99,96,-82,118,3,-66,35,-68,30,-51,-92,59,48,-59,-22,-48,-106,-107,-93,2,90,32,-30,-98,-70,-56,57,80,100,98,20,88,21,-26,-25,19,84,-97,-4,-50,-100,14
05:40:28:0360	83	0,1,0,0,0,0
05:42:04:0623	32	0,57,48,50,98,51,52,57,99,53,100,57,99
05:42:04:0632	77	13,-29,-4,-92,121,29,11,-35,-47,65,-79,46,127,18,43,-6,61,0,97,-9,-120,-61,-111,61,118,-75,-13,-78,109,56,15,-21,51,-75,96,100,-64,-91,95,117,112,-17,124,89,-82,45,-23,11,-96,17,38,-119,23,6,126,88,-32,107,-73,113,-56,55,17,-46,52,57,53,57,99,115,80,58,-125,-60,31,0,43,78,13,-109,-28,69,-37,84,-122,-35,110,117,-102,119,80,18,41,97,-2,118,-48,-26,-31,22,113,110,19,12,-67,114,-23,99,-41,-2,-7,118,70,-87,65,-79,-110,-103,31,-56,-1,74,64,-42,-54,-70,48,-29,-38,-40,36,47,55,69,102,66,-12,-118,27,72,-4,23,-31,-37,23,38,105,9,16,-104,-73,6,-78,-90,-38,-119,-101,-1,13,-83,-89,22,-108,-54,50,-49,-111,117,29,-24,52,-85,-77,-114,107,1,-6,-90,-73,96,-17,31,79,-31,-54,-35,108,41,-51,27,-122,4,117,58,-103,45,115,113,-25,-74,-53,91,65,33,-53,117,-47,-91,98,125,-55,8,73,-85,1,20,36,-54,-2,-70,54,-88,95,-22,-20,103,126,36,-41,-43,91,63,103,3,3,106,-21,-3,-123,-128,-73,8,-126,114,116,105,-77,-48,62,-38,121,-98,66,116,-11,67
05:42:06:0426	83	0,1,0,1,0,0
05:42:12:0957	108	0,0,0,0,2,64,56,-62
05:42:24:0721	176	0,1,0,0
05:42:26:0958	176	0,0,0,0
05:42:30:0906	176	0,1,0,0
05:42:31:0828	176	0,0,0,0
05:42:35:0887	129	
05:42:37:0867	32	0,57,48,50,98,51,52,57,99,53,100,57,99
05:42:37:0916	77	-125,2,33,-95,-95,28,80,29,-123,-52,5,60,70,-60,84,122,-91,109,19,-105,-13,108,105,126,87,-102,-106,108,-33,3,-38,5,-99,124,-95,44,-104,17,-117,-119,113,-81,-79,106,-10,-53,43,83,23,117,3,90,-2,92,-39,-42,-45,-93,56,-60,-113,81,-65,94,4,104,-33,-53,-32,-63,102,-125,-84,114,93,73,58,28,4,-20,97,16,-6,115,-59,104,-61,-55,-108,-128,-42,-20,-40,-100,-47,-18,-49,-34,-117,30,15,-10,24,-63,89,-60,-19,16,75,66,-52,-93,-54,-12,66,-126,86,69,86,96,84,16,-95,-70,40,106,-92,45,60,23,1,-42,12,28,50,124,-27,27,-122,-85,-51,98,-62,96,28,-56,-127,1,108,-65,-56,-121,-80,5,45,-56,34,83,112,88,84,27,84,-102,79,-91,-43,39,35,-17,-53,-52,10,-108,-65,104,-7,-33,103,105,-111,61,-96,62,-61,59,-51,-25,57,-90,-95,127,79,107,81,75,-39,121,-79,33,1,85,-24,13,16,125,24,-74,-122,-56,-14,-53,-4,33,-86,124,-124,35,-128,-115,11,-18,14,-119,-49,37,86,-14,-46,-60,-31,106,-79,-107,126,-18,-105,-113,-41,-68,-89,72,-83,67,-73,109,83,-73,77,-117,-42,58,-20,62,-6,60
05:42:38:0620	83	0,1,0,1,0,0
05:42:41:0687	176	0,1,0,0
05:42:42:0406	176	0,0,0,0
05:49:36:0580	32	0,57,48,50,98,51,52,57,99,53,100,57,99
05:49:36:0621	77	54,-19,-107,-61,-11,3,83,-123,5,16,72,114,-100,-23,-90,-22,-22,38,36,-118,116,-9,-6,15,106,38,88,-113,-57,-83,34,-5,33,-51,-106,-38,67,19,72,-81,75,121,48,7,-107,123,63,-5,87,89,20,-80,-17,-65,81,-104,1,77,-59,61,-109,-54,18,66,23,55,-13,-118,56,-8,-89,99,30,-76,42,33,-11,113,71,98,-112,-110,8,32,-83,-90,-91,91,18,52,-79,107,-14,-17,-40,-93,14,-41,57,28,-110,-67,98,59,80,50,9,3,123,-39,-95,56,-83,18,-52,1,-103,0,18,48,-27,62,-24,-114,-85,50,58,-59,47,123,24,65,-117,91,-16,-79,-35,6,102,-43,25,72,122,-53,83,68,99,-27,-71,36,56,-96,107,-102,24,106,-24,-104,-58,53,75,28,39,-42,43,93,70,50,-119,69,-83,-77,34,-33,87,46,-114,-75,5,93,-109,-35,-59,-46,-24,7,-11,-104,-103,-11,-52,-37,46,-96,122,114,-89,88,4,-124,-19,41,-109,-125,62,105,88,-109,124,26,84,75,-20,-22,101,83,72,23,61,-20,12,51,78,86,49,-95,-6,-114,57,-27,-29,-49,-111,22,60,127,96,21,-100,-86,21,113,18,-11,8,-100,112,94,21,17,-113,51,60,63,-26,-13
05:49:38:0405	83	0,1,0,1,0,0
05:49:45:0704	25	0,0,0,0,2,64,56,-62
05:49:49:0825	176	0,1,0,0
05:49:51:0372	176	0,0,0,0
05:50:02:0306	176	0,1,0,0
05:50:02:0718	176	0,0,0,0
05:50:02:0718	176	0,1,0,0
05:50:03:0129	176	0,0,0,0
05:50:27:0279	108	0,0,0,0,2,64,56,-62
05:50:28:0738	176	0,1,0,0
05:50:37:0335	25	0,0,0,0,2,64,56,-62
05:50:39:0501	176	0,0,0,0
05:50:42:0027	176	0,1,0,0
05:50:42:0440	176	0,0,0,0
05:54:24:0834	32	0,57,48,50,98,51,52,57,99,53,100,57,99
05:54:24:0871	77	60,8,35,64,1,-10,-108,113,-27,55,98,-71,4,-72,-23,42,-67,36,72,-70,-40,-34,89,113,-8,-48,20,21,-39,71,-18,26,59,23,88,70,-28,-46,-63,-84,-20,-110,-115,23,88,34,-68,52,49,-13,52,-99,105,-20,69,-82,-24,0,52,2,-102,-55,45,107,88,-73,4,104,8,-37,-68,91,-40,-34,-75,26,-8,16,67,6,107,-111,62,46,73,-124,-111,-128,-21,98,30,15,9,-24,-29,-24,-52,-74,54,11,31,-54,-53,93,91,81,54,106,55,-34,103,-2,45,88,-57,94,-126,-45,80,48,69,-128,59,-68,86,116,-32,27,-103,9,-58,120,71,26,97,117,-83,-22,-96,55,-115,70,-66,-109,-82,20,50,104,-74,33,109,40,-125,47,-81,12,6,-95,-104,-20,-83,8,111,-75,33,-18,20,64,-93,-69,93,-102,-81,61,38,76,-36,-90,52,14,2,-48,-35,-42,105,-85,-99,-56,-90,42,-82,-75,-42,49,84,58,17,105,-29,66,-111,-64,78,-120,-9,23,-80,-103,92,123,99,-43,-42,-67,-106,71,-70,-128,-7,64,-23,64,92,9,24,-128,14,-83,-64,8,44,-84,-7,98,-50,-117,-94,-25,96,111,-91,121,-47,-63,78,-11,65,-83,77,-127,125,-3,75,87,101,56
05:54:25:0858	83	0,1,0,0,0,0
05:54:33:0247	25	0,0,0,0,2,64,56,-62
05:54:35:0361	108	0,0,0,0,2,64,56,-62
05:54:37:0235	176	0,1,0,0
05:54:41:0165	176	0,0,0,0
05:54:41:0578	176	0,1,0,0
05:54:41:0983	176	0,0,0,0
05:54:42:0392	176	0,1,0,0
05:54:42:0862	176	0,0,0,0
05:54:43:0274	176	0,1,0,0
05:54:43:0687	176	0,0,0,0
05:54:43:0687	176	0,1,0,0
05:54:44:0102	176	0,0,0,0
05:54:44:0102	176	0,1,0,0
05:54:44:0513	176	0,0,0,0
05:54:44:0513	176	0,1,0,0
05:54:44:0922	176	0,0,0,0
05:55:30:0828	176	0,1,0,0
05:55:38:0216	25	0,0,0,0,2,64,56,-62
05:55:41:0926	176	0,0,0,0
05:55:42:0709	176	0,1,0,0
05:55:43:0141	176	0,0,0,0
05:55:43:0556	176	0,1,0,0
05:55:43:0556	176	0,0,0,0
05:55:43:0964	176	0,1,0,0
05:55:43:0964	176	0,0,0,0
05:55:44:0380	176	0,1,0,0
05:55:45:0052	176	0,0,0,0
05:55:48:0757	145	-44
05:55:50:0603	129	
05:55:53:0203	32	0,57,48,50,98,51,52,57,99,53,100,57,99
05:55:53:0238	77	42,-32,-46,32,-72,112,-17,22,64,-30,-4,-20,1,-121,-115,75,-35,110,36,72,-67,105,42,118,121,81,-125,-2,-23,61,-42,63,-43,-97,47,89,89,-36,15,-121,-4,-105,-35,-91,-91,107,27,-79,-43,4,-25,-102,95,-116,-100,27,-16,9,-122,-73,11,-65,-81,58,104,109,-113,39,-39,-32,-46,92,92,-110,125,-83,21,10,-18,124,-108,-78,73,63,-72,-96,106,106,-67,71,5,-23,54,75,79,95,-110,-75,81,-31,-83,77,-116,38,118,92,-68,39,-118,25,-50,-37,111,-119,39,-77,-31,42,-3,-119,-81,64,-114,20,102,-33,-43,66,57,109,86,46,-20,-52,62,124,126,60,-42,-49,104,110,21,-30,92,47,125,-45,76,14,25,3,-16,-72,75,-110,-99,66,-93,-45,-108,-114,-38,-18,-9,-75,113,-110,-43,-25,-57,44,102,-83,-70,71,122,68,124,-42,-18,-83,-67,112,62,46,-124,4,-39,42,-105,-117,-37,-57,-9,113,-37,-83,-47,-90,-84,115,-46,0,81,-11,-124,117,-33,40,16,39,-114,33,18,-79,-126,95,105,124,116,-37,-66,83,-80,36,-36,-14,18,-95,-58,104,-113,45,-112,-72,89,66,35,29,-66,6,-50,-57,74,58,59,-38,23,-87,-57,-65,6,-70,96,50
05:55:53:0850	83	0,1,0,0,0,0
05:57:13:0363	108	0,0,0,0,2,64,56,-62
05:57:16:0983	129	
05:58:05:0163	32	0,57,48,50,98,51,52,57,99,53,100,57,99
05:58:05:0178	77	62,90,-2,69,35,78,3,13,45,-89,-58,-61,-96,62,67,-113,34,-95,96,-84,-122,40,115,113,-48,-69,-126,-36,60,-5,-54,-47,-50,100,81,43,122,48,122,125,-37,79,77,-104,-77,-40,25,-114,45,-59,50,-39,-25,-11,-76,-75,-116,-46,-77,46,19,91,98,111,-123,-16,-111,21,19,42,-90,-13,-88,75,110,-54,-15,-55,-20,-116,-64,106,103,-19,65,36,117,90,84,47,-72,-107,-109,79,-21,88,9,-18,68,-128,73,86,51,40,58,-44,86,-56,12,36,11,-62,51,-85,27,101,74,118,28,-89,71,-10,8,-57,79,-6,6,-5,13,92,-16,40,48,93,110,6,-7,-96,62,-108,74,8,-108,83,1,106,-111,-71,-88,-58,-63,-59,-103,67,-109,34,-69,-114,41,127,58,-40,-9,-97,-127,-109,80,-128,-9,-49,-72,63,89,-50,38,-22,98,-66,54,-75,-110,-67,-85,38,-90,-98,78,100,-9,114,-10,65,-87,10,53,-99,43,85,4,3,19,-117,-100,32,-5,121,-113,-40,105,100,-72,-31,-98,97,-85,-47,-65,64,-10,-81,127,-85,37,66,93,-78,-24,58,74,80,90,15,-61,122,112,-83,-38,47,124,-11,43,126,5,-62,32,8,-87,-99,118,103,30,-121,-30,-84,81,-18
05:58:05:0742	83	0,1,0,0,0,0
05:58:09:0241	176	0,1,0,0
05:58:10:0121	176	0,0,0,0
05:58:13:0342	25	0,0,0,0,2,64,56,-62
05:58:42:0821	108	0,0,0,0,2,64,56,-62
05:58:44:0752	176	0,1,0,0
05:58:45:0660	176	0,0,0,0
05:58:46:0133	176	0,1,0,0
05:58:46:0705	176	0,0,0,0
05:58:47:0239	176	0,1,0,0
05:58:47:0652	176	0,0,0,0
05:58:48:0066	176	0,1,0,0
05:58:48:0066	176	0,0,0,0
05:58:48:0476	176	0,1,0,0
05:58:48:0889	176	0,0,0,0
06:00:40:0943	32	0,57,48,50,98,51,52,57,99,53,100,57,99
06:00:40:0985	77	22,86,-127,29,80,63,61,21,-72,119,11,31,61,104,55,-7,-125,91,109,123,-114,58,115,79,82,76,-35,127,-103,-38,-90,-4,73,-87,111,-113,-94,65,38,-62,-64,126,-18,-97,65,99,127,-62,-1,12,-7,-2,-1,-68,21,-11,106,3,47,-59,27,-72,-107,-33,-125,-108,43,-60,-10,12,1,14,121,-44,76,-11,-101,-29,-30,51,-7,77,16,34,-76,-29,15,0,-109,4,-108,-57,39,-33,-84,-111,-103,-55,76,-113,28,-81,11,93,16,2,-89,-58,77,65,71,-45,15,-28,-37,-45,-14,54,89,81,-17,8,-57,-101,102,-126,35,-8,82,-22,63,63,23,7,-128,90,76,-96,-60,-121,-104,60,-7,-105,57,-117,66,48,-62,84,23,-112,10,-113,96,-2,-63,58,-77,58,10,-27,96,-56,-58,-82,-89,112,-23,-5,108,76,-71,44,-100,31,-3,-30,-58,68,-110,85,-58,70,5,-94,-105,-88,100,35,-51,-112,109,-34,-16,26,41,124,-95,-103,-62,72,-34,21,52,13,25,82,30,22,-37,66,14,-116,-104,-106,12,-12,37,-23,-28,-39,61,-128,-58,8,-72,16,43,42,125,-89,60,-49,-15,51,14,85,88,40,22,80,20,57,45,-91,-20,-95,-113,65,-102,88,83,81,95,-59
06:00:43:0831	32	0,57,48,50,98,51,52,57,99,53,100,57,99
06:00:43:0845	77	26,-55,84,-68,-123,-97,87,124,-89,12,51,-84,111,57,15,-113,13,32,60,124,88,111,77,39,-78,3,-22,-29,100,-20,-94,-97,63,-12,28,79,38,-111,-15,89,38,97,39,-105,50,-63,-86,123,50,-31,83,21,72,-21,-74,120,36,56,-121,-114,22,64,-15,73,39,-49,88,14,-89,34,51,39,-127,23,-40,-87,-66,-122,95,98,-24,-111,59,53,126,-43,58,-16,-25,-80,-119,-62,-123,-37,106,-21,67,-38,12,-118,85,75,125,-19,-23,-30,78,-24,-120,-77,43,49,-63,-82,-53,-3,-123,36,31,4,25,-62,-3,71,100,47,111,18,66,-7,-39,36,126,-82,-34,-70,-40,-95,-74,-27,-79,-103,7,-55,53,24,102,-83,101,127,77,99,102,-97,-32,124,-74,50,20,-36,100,58,32,-114,-42,48,86,-24,44,-80,10,-65,110,105,113,-106,16,-23,1,120,61,-16,30,120,80,-68,-1,81,20,-5,5,-124,67,-95,50,32,-28,-69,-70,3,94,-116,36,38,-120,79,33,-50,-29,116,41,-73,45,84,-2,14,86,80,-10,47,-65,40,66,-44,-26,96,-13,-65,-70,96,88,-105,33,21,-38,-112,-95,0,34,88,0,-84,-28,14,-117,40,-19,-81,-51,13,-81,-47,59,-75,-83,-127
06:00:44:0417	83	0,1,0,0,0,0
06:00:49:0839	176	0,1,0,0
06:00:50:0353	176	0,0,0,0
06:00:56:0372	25	0,0,0,0,2,64,56,-62
06:00:57:0768	108	0,0,0,0,2,64,56,-62
06:01:02:0352	168	0,0,0,0,2,64,56,-62
06:01:04:0454	176	0,1,0,0
06:01:05:0109	176	0,0,0,0
06:01:05:0870	176	0,1,0,0
06:01:06:0281	176	0,0,0,0
06:01:06:0688	176	0,1,0,0
06:01:07:0819	176	0,0,0,0
06:01:28:0548	176	0,1,0,0
06:01:34:0817	129	
06:01:37:0481	32	0,57,48,50,98,51,52,57,99,53,100,57,99
06:01:37:0529	77	36,9,17,81,11,116,10,123,65,28,-77,89,-89,45,-12,-20,-93,-6,91,-11,-106,46,-58,-120,31,-83,8,119,-113,-78,0,-78,-93,24,44,-62,-15,90,38,9,97,-91,-100,29,97,-122,-110,71,-54,-101,115,-94,-34,-56,-119,23,-55,118,-107,118,121,-5,-28,-95,75,54,-94,-29,111,-38,90,37,-39,-21,47,-57,98,20,-73,-117,-43,27,65,113,-36,-81,11,51,-96,43,60,-47,-67,-15,59,68,-48,91,66,-18,21,98,-119,-51,118,-48,-99,-27,109,37,36,-23,-63,-44,104,24,79,102,101,-122,-13,-127,56,-126,-10,-111,33,84,-68,89,67,84,-103,-11,-124,78,40,107,-109,7,-97,-60,91,-114,125,-2,-92,104,84,-75,-8,1,-62,-32,-101,-64,113,7,-2,62,112,65,-107,-89,-85,19,-42,-22,-7,-64,-10,-20,-11,56,91,83,-7,9,-111,36,85,-46,35,40,69,-102,86,-119,8,-64,49,4,-92,55,81,7,8,120,-101,47,-48,-108,-11,-18,-86,56,-82,75,-25,-47,-126,-97,-12,45,52,3,99,48,-80,73,-42,-51,-128,49,66,-73,54,101,91,33,33,-114,-57,-34,115,94,37,9,-20,-4,126,98,-110,-112,76,-65,-96,-87,-99,-90,-77,-11,-28,-10,-74,-39
06:01:38:0131	83	0,1,0,0,0,0
06:01:50:0678	176	0,0,0,0
06:01:53:0175	176	0,1,0,0
06:15:48:0485	32	0,57,48,50,98,51,52,57,99,53,100,57,99
06:15:48:0524	77	48,-115,101,-10,10,106,-32,-66,12,34,-46,-96,-68,6,-107,-21,66,96,100,22,-10,-82,-79,13,51,-34,66,-65,-81,74,114,-127,64,-64,50,-18,76,21,-59,-35,-83,87,-75,40,17,127,-37,-32,74,-89,-57,-81,-63,-73,94,-100,48,76,107,-8,-72,-29,26,119,26,100,-23,-74,-109,-119,34,44,-106,54,-29,-65,54,-21,78,-73,-44,54,-9,-14,69,-33,-15,24,45,-18,95,27,-48,9,9,-71,-103,108,81,123,-27,-127,63,-38,0,42,-12,-14,39,103,-105,62,-95,69,-83,67,107,113,102,-92,-89,-35,8,14,58,-65,15,22,83,-119,105,120,99,29,-9,-108,-38,0,81,-117,-76,48,-51,-6,-28,115,-13,97,48,66,-100,-17,-51,-63,-15,-7,3,-87,5,-57,-54,98,-110,-112,110,-39,25,114,57,-83,-32,-123,-79,76,114,10,-13,36,64,-72,-6,42,27,-30,-51,-93,60,37,-61,-115,-25,-87,31,82,-100,25,12,81,-63,-4,-46,42,-24,-12,17,116,32,-43,101,-66,-101,-18,-56,29,52,98,79,-9,-53,-41,121,14,19,60,-34,-87,62,-79,21,-89,-5,-39,-125,-31,-32,-89,25,96,15,-80,-119,-59,114,-111,21,95,33,38,88,-49,94,9,53,-8,66,57
06:15:52:0664	83	0,1,0,4,0,0
06:15:58:0083	52	0,0,0,0,2,64,56,-62
06:32:40:0688	32	0,57,48,50,98,51,52,57,99,53,100,57,99
06:32:40:0698	77	33,93,-103,-103,101,37,65,-113,-31,-10,46,58,-74,-20,-65,119,102,90,-51,-115,56,3,-74,21,17,5,-114,78,-101,-51,125,-95,-88,80,32,108,-103,-32,121,122,-126,111,28,21,112,110,101,117,100,24,16,-99,59,-47,-89,-119,-111,21,-110,-68,54,94,-83,-123,-67,86,-100,-28,-61,-109,115,-93,104,-109,63,-1,58,35,61,-94,-25,54,-2,25,-4,-103,-5,-121,67,-113,125,8,-77,67,13,-89,-33,-25,64,102,-112,70,96,-91,-61,-7,14,116,45,-66,-103,98,-75,-111,35,99,-59,45,40,-120,61,-52,-126,-14,-25,-85,-32,-29,-94,-74,-42,-64,-124,72,-125,-86,-49,-89,2,64,24,-52,35,-87,-117,97,114,56,10,-1,-33,-110,95,-107,-4,15,-9,99,51,-22,60,-110,63,-52,-92,-36,-34,3,-23,2,-28,85,0,-64,120,-128,-41,92,-117,-34,-54,-17,-60,15,-49,113,112,79,-77,-88,-96,35,17,-8,-115,24,31,90,76,50,31,-72,-42,-84,-108,10,-31,-5,-125,-83,50,21,102,-27,40,-118,-71,-91,93,-94,-34,-17,-80,70,94,115,82,114,-36,-79,-101,-114,55,107,-102,-79,110,45,28,15,71,-39,-39,-80,113,-113,-127,-10,-50,-120,16,-14,-57,-22,59,-119
06:32:44:0713	83	0,1,0,1,0,0
06:32:52:0268	176	0,0,0,0
06:32:53:0028	176	0,1,0,0
06:32:53:0936	176	0,0,0,0
06:32:56:0343	176	0,1,0,0
06:32:57:0132	176	0,0,0,0
06:32:57:0620	176	0,1,0,0
06:32:58:0278	176	0,0,0,0
06:33:04:0164	168	0,0,0,0,2,64,56,-62
06:33:06:0618	176	0,1,0,0
06:33:07:0131	176	0,0,0,0
06:33:08:0180	176	0,1,0,0
06:33:08:0589	176	0,0,0,0
06:33:14:0879	176	0,1,0,0
06:33:16:0335	129	
06:33:18:0192	32	0,57,48,50,98,51,52,57,99,53,100,57,99
06:33:18:0242	77	79,112,0,100,69,-120,78,-18,-124,-74,-14,49,-34,-40,-17,-33,-47,-78,-44,-56,-52,-86,90,81,-105,68,-74,26,-82,108,-10,96,-40,-109,-121,123,-114,12,-91,69,-42,-78,50,-97,-120,-86,120,-10,-73,-66,-64,93,50,-87,-6,-127,126,99,-52,39,-112,43,74,104,-63,85,63,-19,0,-17,-90,97,28,-107,-128,67,40,-57,-95,32,-107,82,-18,-101,-31,25,97,-12,-78,-112,-91,79,-61,116,-124,0,-39,91,-44,-31,-51,-121,11,81,45,-20,57,102,-79,-34,5,95,16,-76,98,-78,126,70,56,68,-48,-89,-75,85,6,-2,-65,-71,28,36,-61,-37,107,-30,19,-13,31,98,10,-44,67,-110,-46,25,-15,9,-115,-99,-62,102,96,-82,68,79,58,57,11,-22,-95,76,42,106,-20,-122,-126,-41,-111,-54,2,-74,-81,55,57,-107,-71,54,16,57,-79,107,3,-26,-58,-54,-82,126,4,-109,24,122,-34,-13,-100,-65,-18,-115,9,-14,120,31,-76,-79,-55,-89,122,-97,4,-126,57,68,-5,-109,3,-83,-101,59,33,81,30,-68,67,-90,-7,-123,99,18,-2,-39,-70,-22,-54,-26,-84,121,73,-51,-90,37,126,-72,37,-36,-81,106,-24,-44,-94,-90,-113,-32,107,44,-69,19,-34,-102
06:33:18:0807	83	0,1,0,1,0,0
06:33:21:0908	176	0,0,0,0
06:33:22:0496	176	0,1,0,0
06:33:23:0023	176	0,0,0,0
06:33:23:0667	176	0,1,0,0
06:33:24:0093	176	0,0,0,0
06:33:26:0432	52	0,0,0,0,2,64,56,-62
06:33:34:0654	25	0,0,0,0,2,64,56,-62
06:33:39:0211	176	0,1,0,0
06:33:39:0868	176	0,0,0,0
06:33:41:0385	108	0,0,0,0,2,64,56,-62
06:33:42:0748	176	0,1,0,0
06:33:46:0021	25	0,0,0,0,2,64,56,-62
06:33:47:0790	176	0,0,0,0
06:33:48:0407	176	0,1,0,0
06:33:48:0823	176	0,0,0,0
06:33:48:0823	176	0,1,0,0
06:33:49:0233	176	0,0,0,0
06:33:49:0233	176	0,1,0,0
06:33:49:0643	176	0,0,0,0
06:33:51:0284	108	0,0,0,0,2,64,56,-62
06:33:52:0598	176	0,1,0,0
06:33:53:0010	176	0,0,0,0
06:33:53:0010	176	0,1,0,0
06:33:53:0425	176	0,0,0,0
06:33:53:0838	176	0,1,0,0
06:33:54:0328	176	0,0,0,0
06:37:24:0786	32	0,57,48,50,98,51,52,57,99,53,100,57,99
06:37:24:0985	77	86,6,-23,-41,-124,-20,1,-20,97,21,-60,-57,-42,39,-94,-90,67,122,12,-57,-80,43,-52,-94,-91,-34,87,-87,-36,-83,-121,89,69,-111,74,50,-9,-2,57,-9,15,1,-98,28,96,-3,-13,-59,-34,64,-96,-98,98,30,-47,69,-2,1,-47,23,-16,-5,4,99,60,-126,-101,15,1,76,122,101,-80,-77,28,33,22,-29,-68,32,-19,57,60,11,72,-109,-15,-24,-28,49,10,12,121,-4,110,6,50,-80,103,54,-111,37,116,87,-68,67,65,6,24,-33,-45,12,102,-2,109,-99,29,-89,29,-59,-72,119,14,14,-31,91,-123,83,122,92,-40,19,-118,56,14,72,-88,75,-37,61,33,-60,79,22,-25,109,-17,37,91,-70,-63,83,78,-70,55,47,8,69,-37,36,-17,108,62,83,-17,103,93,-126,-79,126,62,111,126,92,14,-15,37,-92,-128,-44,57,62,-67,39,36,91,-46,-4,86,-106,82,-51,91,9,-35,53,23,-61,-96,100,13,110,-87,-99,-21,-107,24,-79,63,-61,84,-16,54,3,-23,55,62,-9,41,-92,127,47,95,-12,-105,93,111,51,-82,-113,1,-36,1,-97,85,-116,66,-61,34,-49,-32,12,123,126,-76,111,-22,-34,-32,-124,-42,74,-6,8,11,-49
06:37:25:0644	83	0,1,0,0,0,0
06:37:31:0215	176	0,0,0,0
06:37:35:0061	25	0,0,0,0,2,64,56,-62
06:37:37:0441	176	0,1,0,0
06:37:38:0244	176	0,0,0,0
06:37:40:0970	176	0,1,0,0
06:37:42:0510	108	0,0,0,0,2,64,56,-62
06:37:47:0939	176	0,0,0,0
06:37:49:0011	176	0,1,0,0
06:37:49:0788	176	0,0,0,0
06:37:50:0789	176	0,1,0,0
06:37:51:0651	176	0,0,0,0
06:37:54:0522	52	0,0,0,0,2,64,56,-62
06:37:57:0900	176	0,1,0,0
06:37:58:0742	176	0,0,0,0
06:38:00:0368	176	0,1,0,0
06:38:01:0986	176	0,0,0,0
06:38:02:0626	176	0,1,0,0
06:38:03:0037	176	0,0,0,0
06:38:03:0451	176	0,1,0,0
06:38:03:0862	176	0,0,0,0
06:38:03:0862	176	0,1,0,0
06:38:04:0270	176	0,0,0,0
06:38:04:0683	176	0,1,0,0
06:38:04:0683	176	0,0,0,0
06:38:05:0092	176	0,1,0,0
06:38:05:0506	176	0,0,0,0
06:38:05:0506	176	0,1,0,0
06:38:06:0348	176	0,0,0,0
06:40:31:0232	32	0,57,48,50,98,51,52,57,99,53,100,57,99
06:40:31:0249	77	46,4,-67,-18,-15,19,-46,99,-117,-67,-117,91,-25,-123,-59,-27,33,121,-68,-20,-13,29,81,-98,110,30,12,-113,118,-93,81,39,-36,-97,125,64,121,104,-41,-89,-55,-82,84,45,-100,121,83,-85,-46,-29,-41,-66,-19,-27,34,-86,61,-21,52,69,5,23,-59,21,-109,1,-82,-54,-106,82,-46,107,-79,-26,-62,37,-37,-16,127,-47,-34,119,100,115,19,89,-109,125,63,-54,-2,-82,21,72,0,26,124,93,-20,75,12,-81,3,-30,125,103,-5,79,-93,-47,-27,-96,-70,85,-6,-42,-121,-121,45,87,8,22,-94,74,48,21,-28,74,26,-58,-75,-111,74,83,40,-124,72,65,-98,13,-60,125,73,106,-34,42,-79,-84,-108,-103,83,36,-111,49,-98,122,69,-119,40,81,101,-36,24,65,-71,-39,69,-9,119,77,58,-43,-107,-127,-97,20,105,8,-8,69,24,-59,-6,1,-17,-20,-122,0,-88,-91,42,-104,-30,-114,-106,-20,93,-26,111,-105,-35,-12,-54,75,56,-111,-25,44,51,33,43,96,127,4,57,-68,63,-30,-8,-80,104,-86,2,17,-115,-122,111,-113,-17,113,-93,-35,67,-35,-20,-19,67,-100,-77,116,113,106,44,13,85,-33,121,-92,-115,-27,-3,-54,3,61,-53,92
06:40:31:0895	83	0,1,0,0,0,0
06:40:34:0290	52	0,0,0,0,2,64,56,-62
06:40:39:0802	176	0,0,0,0
06:40:40:0988	176	0,1,0,0
06:40:41:0929	176	0,0,0,0
06:40:42:0342	176	0,1,0,0
06:40:42:0342	176	0,0,0,0
06:40:46:0008	145	-96
06:40:51:0971	129	
06:40:53:0876	32	0,57,48,50,98,51,52,57,99,53,100,57,99
06:40:53:0905	77	92,-62,-113,11,-64,-70,-60,-2,-105,14,-3,25,-21,-119,34,-106,41,-72,-39,125,118,87,-123,-43,-96,-16,-121,-112,-6,45,80,108,-106,74,80,-20,-76,35,121,7,17,58,8,-62,98,105,49,-42,54,64,-82,-99,-23,-36,118,8,-26,-40,44,55,-115,105,-121,102,87,-62,-27,121,94,-59,-50,-78,-114,107,-120,23,41,69,-14,-79,-6,96,0,-11,118,28,-26,29,73,-15,-34,-93,-126,-46,45,50,71,-22,-95,127,-48,-92,125,-27,83,67,33,-13,-9,60,-39,51,-75,17,120,-34,-112,-40,-71,-127,38,-92,-103,29,10,-1,-85,104,38,-117,15,-83,-118,-69,93,-104,-49,0,-18,98,-14,18,-103,-5,48,-30,-121,-127,120,21,27,78,-125,108,-3,113,0,-118,-21,1,-45,-124,-75,116,-97,114,-112,-98,-85,121,-112,-76,-48,10,-8,-123,-82,126,-128,41,39,-126,-48,-87,-82,28,101,20,83,-115,73,-10,37,104,110,-41,62,-51,14,-66,71,-41,90,-28,-55,-85,90,4,72,31,-16,65,7,-74,-95,-14,-27,57,-43,95,-35,100,-79,-110,34,45,71,-98,-74,22,33,99,-100,-37,17,37,-116,46,-20,-12,-96,-60,-24,-75,45,40,106,54,-12,120,-29,-94,-114,72,-71,-87
06:40:54:0467	83	0,1,0,0,0,0
06:40:56:0762	176	0,1,0,0
06:40:58:0322	176	0,0,0,0
06:40:59:0471	176	0,1,0,0
06:40:59:0884	176	0,0,0,0
06:41:03:0499	25	0,0,0,0,2,64,56,-62
06:41:05:0414	176	0,1,0,0
06:41:07:0178	108	0,0,0,0,2,64,56,-62
06:41:09:0266	176	0,0,0,0
06:41:09:0816	176	0,1,0,0
06:41:10:0229	176	0,0,0,0
06:41:10:0643	176	0,1,0,0
06:41:10:0643	176	0,0,0,0
06:41:10:0643	176	0,1,0,0
06:41:11:0050	176	0,0,0,0
06:41:11:0050	176	0,1,0,0
06:49:14:0574	32	0,57,48,50,98,51,52,57,99,53,100,57,99
06:49:14:0620	77	-106,-82,24,-57,-23,-26,-47,-30,-38,-18,7,3,20,-94,-119,93,113,77,-12,45,38,-95,55,84,-59,-83,18,-36,-4,13,106,30,-25,-78,47,12,32,41,-22,-74,51,-63,-1,43,-27,-24,121,10,-73,-13,-35,81,73,111,97,58,-21,-50,-8,49,107,32,5,31,-23,3,-28,41,-21,-86,29,105,-64,-3,69,-111,70,23,-4,116,27,19,-19,-4,-97,61,-45,-1,-70,117,109,-70,-7,46,32,111,-14,-107,119,114,30,-101,75,-23,-60,114,-56,-13,124,-4,-60,37,109,123,102,-75,-37,72,14,85,23,56,-99,-14,-65,-32,16,31,41,-18,-79,-38,36,-118,106,-89,-34,-110,-112,-119,14,-121,12,-13,-102,28,114,56,-94,-59,-19,120,98,119,-7,-51,64,55,53,94,-105,22,-123,-61,117,81,-55,-128,-14,-29,-117,-118,34,-45,-82,-44,62,22,17,-42,85,21,78,-27,119,104,86,33,47,114,-78,45,-27,5,-42,1,-57,-104,-109,-48,49,77,-3,28,82,-49,-46,-42,-105,40,-104,-33,31,28,112,71,-30,47,44,-78,73,-29,62,-13,48,121,-3,35,-126,-26,-79,-112,-100,23,-117,-59,100,95,-126,-75,90,-58,-119,32,93,-116,93,-49,-41,-85,-26,-76,-90,100,-126,-23
06:49:17:0113	83	0,1,0,1,0,0
06:49:25:0908	176	0,0,0,0
06:49:26:0623	176	0,1,0,0
06:49:28:0078	176	0,0,0,0
06:49:28:0689	176	0,1,0,0
06:49:42:0707	176	0,0,0,0
06:49:43:0281	176	0,1,0,0
06:49:50:0547	168	0,0,0,0,2,64,56,-62
06:49:55:0960	52	0,0,0,0,2,64,56,-62
06:49:58:0652	176	0,0,0,0
06:50:01:0266	168	0,0,0,0,2,64,56,-62
06:50:04:0400	52	0,0,0,0,2,64,56,-62
06:52:23:0823	32	0,57,48,50,98,51,52,57,99,53,100,57,99
06:52:23:0843	77	52,-26,10,63,-37,38,9,101,76,103,67,37,-6,-85,48,-128,-9,-79,111,-62,71,-15,-40,110,-125,20,-20,7,-112,94,68,81,44,-108,117,-104,77,15,95,68,-18,-40,-110,28,126,13,-43,75,-62,-41,5,77,7,88,42,83,-87,79,-72,-113,-74,29,-15,-120,97,92,86,127,-62,34,79,125,32,56,51,-52,-38,-36,-47,72,-105,-15,86,-51,-9,-19,-123,-32,47,19,-36,-61,-17,-95,-38,-47,23,-16,98,45,88,-105,45,-93,-79,48,112,110,109,-42,114,123,-23,-50,-115,-95,51,-121,94,108,30,-56,39,-46,-101,-79,108,80,-46,70,-103,37,25,127,-57,19,-38,113,-37,-18,123,-31,-127,-31,33,-39,52,-36,-29,74,-109,62,-125,-50,49,95,127,-56,38,-26,-102,104,-54,-91,114,-37,101,63,58,62,-37,-122,6,-53,-95,-103,-27,103,17,-62,50,-67,40,-108,118,95,122,124,35,-6,99,-34,-30,-103,-116,28,44,1,34,75,14,-124,44,-91,-95,-31,-116,15,55,75,93,-111,44,24,-107,-127,115,53,119,-59,114,30,91,-103,-76,76,-125,63,-124,3,73,41,-6,-55,78,-106,-18,-102,-27,17,-7,-84,-26,16,-32,114,-103,-42,-128,24,76,86,123,15,25,-57
06:52:24:0446	83	0,1,0,0,0,0
06:52:30:0207	129	
06:52:32:0255	32	0,57,48,50,98,51,52,57,99,53,100,57,99
06:52:32:0260	77	-118,-119,-102,102,-48,34,-11,67,7,-124,93,81,22,119,-59,-33,-64,46,23,-90,-58,-37,110,-118,77,46,-111,-100,90,30,-123,-66,-82,-115,-30,40,34,-13,-90,46,-112,19,63,104,-30,-1,-128,-31,114,-94,-72,110,-3,-29,-74,-46,-14,-44,111,111,109,76,-47,-70,94,62,-107,43,-126,-99,-23,-123,51,-81,-8,-96,-94,-122,71,-17,31,16,21,58,-21,102,57,-33,-85,100,-72,109,-95,50,-116,28,30,99,-48,-105,59,-85,12,-101,-111,35,53,-6,-6,-119,-27,105,18,28,15,-122,5,70,0,-43,44,-18,21,114,68,-101,31,-67,123,-7,48,-4,-120,-21,-19,-111,76,13,-121,-59,-23,-85,83,72,59,34,21,34,-6,116,-5,42,-57,-27,-4,-11,46,60,30,-104,74,3,31,-32,-5,-39,-119,-63,95,111,-72,113,59,23,127,-32,60,-101,15,51,-74,2,-121,65,54,-18,31,4,91,-109,84,121,-66,99,109,-38,54,47,37,78,-122,-122,24,27,-112,-1,19,-89,72,35,-106,114,-90,-54,73,61,127,24,7,52,-101,46,111,4,-51,125,38,-108,-107,-90,-107,-42,-19,-94,78,117,50,-89,-37,16,17,-89,72,101,8,-50,-75,0,-24,71,15,16,80,-72,-41,-56
06:52:32:0955	83	0,1,0,0,0,0
06:52:35:0511	176	0,0,0,0
06:52:36:0246	176	0,1,0,0
06:52:40:0024	168	0,0,0,0,2,64,56,-62
06:52:42:0490	176	0,0,0,0
06:52:43:0728	176	0,1,0,0
06:52:49:0158	176	0,0,0,0
06:52:50:0021	176	0,1,0,0
06:52:50:0459	176	0,0,0,0
06:52:52:0050	52	0,0,0,0,2,64,56,-62
06:52:54:0005	176	0,1,0,0
06:52:54:0924	176	0,0,0,0
06:53:00:0872	168	0,0,0,0,2,64,56,-62
06:53:03:0302	176	0,1,0,0
06:53:07:0442	176	0,0,0,0
06:53:09:0904	176	0,1,0,0
07:23:11:0758	32	0,57,48,50,98,51,52,57,99,53,100,57,99
07:23:11:0776	77	43,-68,-67,-118,-60,61,-53,-76,80,92,-106,34,85,119,46,81,-78,52,14,-30,65,-53,-92,-127,-41,60,117,-128,58,57,79,101,-28,-111,-59,-61,-9,-128,-52,-56,0,-14,10,-39,-3,-109,-22,-97,-72,109,33,36,-119,77,107,-19,93,78,-90,57,57,-110,-114,115,-65,14,-71,10,-81,-30,-1,92,-46,37,33,114,-32,95,-100,-113,-104,72,36,77,-10,54,-100,-59,-113,111,-113,-107,116,-45,78,44,55,-125,-30,-86,66,-92,12,-126,74,-112,-115,-99,73,-60,37,122,-69,102,113,46,99,39,-86,115,108,-92,-48,-112,121,-27,-26,46,38,-113,-55,64,-76,-90,-34,-71,-4,-100,111,-82,81,35,-62,36,61,-96,-109,-99,44,-79,-124,-26,95,-62,-120,-75,-72,-70,-78,-90,108,-118,-2,-23,81,88,-41,-70,118,-47,-95,7,66,2,106,114,-103,-118,111,76,73,73,125,-10,-111,-78,68,-50,-67,85,64,-3,-91,-67,-110,23,79,-32,-73,29,-66,-44,50,47,-66,5,53,115,-79,28,-58,-23,119,105,-12,-107,95,34,-114,-105,-125,60,-120,-73,-57,-104,118,-125,-85,-19,10,12,119,37,-65,-83,-65,97,-113,26,52,117,84,11,35,15,22,-92,-34,17,-84,-46,95,-128,37,82
07:23:12:0377	83	0,1,0,0,0,0
07:23:31:0285	176	0,0,0,0
07:23:32:0089	176	0,1,0,0
07:23:36:0416	52	0,0,0,0,2,64,56,-62
07:23:41:0401	168	0,0,0,0,2,64,56,-62
07:23:44:0311	52	0,0,0,0,2,64,56,-62
07:23:46:0037	176	0,0,0,0
07:23:46:0703	176	0,1,0,0
07:23:50:0440	168	0,0,0,0,2,64,56,-62
07:28:13:0361	132	0,123,2,-123
07:28:13:0774	132	0,123,2,-123
07:28:14:0186	132	0,123,2,-125
07:31:10:0583	32	0,57,48,50,98,51,52,57,99,53,100,57,99
07:31:10:0605	77	117,-11,-21,-120,-105,-1,-15,121,52,22,-8,24,61,-94,-37,-96,-37,-96,53,-57,26,-2,4,9,-61,126,-98,-37,48,127,79,-50,-100,31,58,69,14,-124,76,98,46,72,-54,-31,-8,45,-75,-8,74,127,-4,-9,-57,67,-9,-7,-73,-12,-31,92,1,-106,49,-126,102,-80,101,-124,-55,72,30,123,72,110,-91,-67,30,-46,-125,-59,-102,-118,56,-34,-47,-113,-78,-41,76,64,-95,-33,-56,-13,-103,-103,-21,27,-43,-99,98,-45,-47,-82,26,109,-63,-93,81,-41,115,-107,-87,-56,24,93,-67,127,100,21,110,86,-46,-48,91,48,121,-92,71,-44,89,5,23,14,36,58,59,-123,-25,-9,-11,78,40,15,114,52,51,14,28,39,-75,-128,71,-27,-33,33,22,-44,-55,-28,-81,-95,36,126,34,22,102,60,-92,32,48,-81,111,-124,-110,55,-107,-100,114,-37,-28,-46,36,107,-37,52,-60,-75,-80,9,-127,119,119,-128,72,-110,-34,14,29,0,-13,52,1,-65,26,63,109,63,-47,-73,-54,-74,-79,-38,5,-68,-77,127,-93,-70,-6,80,78,-127,-65,-26,22,85,-2,110,-99,-40,-69,-7,25,27,54,-74,18,-32,-26,35,-74,109,-83,-28,-109,-54,-72,17,-85,119,-11,99,41,-45
07:31:13:0374	83	0,1,0,1,0,0
07:31:15:0160	129	
07:31:16:0872	32	0,57,48,50,98,51,52,57,99,53,100,57,99
07:31:16:0893	77	118,-66,-59,94,-8,115,98,82,123,16,92,127,-24,-74,40,-27,-77,-35,109,-93,7,-46,-3,-119,86,-29,-2,42,94,107,-103,-59,-111,70,88,4,-78,-100,-69,108,119,78,-61,59,-119,-119,88,94,62,52,-118,86,-103,-109,-87,88,10,-10,40,-10,83,-24,-89,-64,5,-45,105,-6,67,-90,42,5,-36,-14,-41,25,-104,-2,-124,-69,-2,-68,-40,-82,69,-41,69,-22,114,60,127,-28,58,-68,-82,-84,-72,120,92,117,101,-124,-97,-127,-97,108,-64,100,-74,33,72,7,-121,-107,77,-51,-42,76,52,19,38,-6,44,-32,68,-82,-108,67,-82,77,78,-45,-52,47,-60,88,-108,43,-90,107,-100,120,78,3,-126,63,34,-25,-48,60,21,107,102,-126,94,70,-6,123,-84,-123,91,-39,-35,-73,85,-99,-128,-27,107,-96,-126,62,-27,-85,-6,-8,25,60,70,-104,94,-78,11,0,-43,-27,50,78,-5,-18,-7,113,61,123,-11,-1,-67,-108,71,54,90,-85,107,21,-55,0,123,35,87,-92,117,-72,65,42,4,104,25,-124,21,-8,78,-17,60,16,-86,-79,83,-118,16,-79,23,-6,108,-100,-99,-30,-47,54,-55,98,-100,99,-44,102,-105,57,-7,71,-80,-94,-61,124,65,-112,87,-2
07:31:17:0644	83	0,1,0,1,0,0
07:31:43:0176	83	0,1,0,3,0,0
07:37:48:0860	32	0,57,48,50,98,51,52,57,99,53,100,57,99
07:37:48:0913	77	71,20,3,11,50,46,-79,20,-88,89,-106,-73,70,95,110,-45,11,-56,-84,-79,-8,-98,-93,-114,107,-43,121,27,-12,20,-101,92,79,-85,106,-71,-123,-64,-110,-74,106,107,-59,29,34,48,108,74,104,-96,90,52,-55,-72,-91,61,65,-77,103,-128,-36,-69,94,-77,-75,-10,-28,28,21,100,116,-37,-1,126,85,-45,-46,-41,-60,27,67,17,-17,50,-99,-69,122,46,102,2,-44,-70,96,-100,-98,17,-45,80,-84,-61,100,-9,99,-119,-9,94,64,-63,95,49,-112,29,-81,61,107,110,69,-121,-86,-25,-69,7,53,-57,-117,-5,21,-106,106,114,-95,-104,122,-90,122,-72,77,88,24,51,127,-27,17,-126,-47,-121,25,-18,-109,-103,56,21,-71,-124,56,-117,-27,0,-93,-60,75,-55,56,10,-3,-68,17,55,74,-14,-123,-113,-85,65,-97,-36,89,41,-13,19,-64,126,37,-28,34,-95,111,88,72,-103,-38,87,-3,-42,-15,-96,-96,24,-118,51,68,-32,-106,-89,7,62,35,-112,-44,30,87,63,54,-27,102,-112,-41,95,45,-15,-124,-89,-116,123,80,117,-107,-83,56,62,48,59,9,-66,-41,49,-32,-112,59,-37,86,42,-103,95,-4,121,-64,44,79,-18,-100,117,-77,-116,63,-51
07:37:49:0889	83	0,1,0,0,0,0
07:37:56:0553	176	0,0,0,0
07:37:57:0223	129	
07:38:01:0998	32	0,57,48,50,98,51,52,57,99,53,100,57,99
07:38:02:0015	77	-116,-49,4,-100,73,-15,110,-16,-68,-68,-24,-77,98,-31,-64,98,38,-62,120,-96,-49,83,-128,-9,-18,52,-70,20,-38,95,-77,93,-89,-41,48,78,-75,122,-27,62,47,-86,20,-27,17,-71,-20,30,59,63,-23,-58,-6,-59,-43,-96,-9,-39,-83,125,91,-16,-66,110,90,-73,125,52,85,-125,-48,-33,72,34,-116,117,114,103,-16,86,-116,60,-119,-75,-91,-124,26,61,-78,10,-105,38,35,-51,73,-111,-29,1,118,14,92,20,38,-46,-12,35,46,-18,-31,44,-4,124,-117,94,86,-46,32,-80,66,-122,32,-101,-21,109,-9,-49,-5,29,94,48,119,-82,-36,118,95,-88,-26,102,-94,-28,34,70,-68,117,42,106,102,-108,-11,-113,85,-12,18,120,-90,-40,99,48,-30,-113,-24,15,106,-53,32,89,-66,-21,-126,-47,12,45,63,76,67,104,-78,-77,72,-17,55,-1,58,-31,21,46,26,-73,-100,-55,-33,-26,-18,-85,52,-35,113,-88,-80,-58,1,26,97,92,-8,-69,-10,53,-53,80,-126,52,-106,-34,-15,19,-71,-117,-61,82,-85,21,-67,-63,-96,31,43,-49,31,116,81,-86,-38,-50,-81,-2,84,-58,-106,102,-70,-59,100,-121,119,82,-6,14,-42,-59,53,-40,-99,-31,93,59
07:38:02:0579	83	0,1,0,0,0,0
07:38:14:0571	129	
07:38:18:0258	32	0,57,48,50,98,51,52,57,99,53,100,57,99
07:38:18:0267	77	-125,70,-44,-70,-86,-124,56,-68,-72,125,-64,66,-30,69,-60,55,56,127,87,-10,58,-46,44,-38,64,63,-15,-81,72,91,85,-8,-78,-70,77,-74,89,-23,18,-70,125,-53,-36,115,-24,6,-34,-101,-45,125,91,-125,13,45,-57,45,101,60,-17,-62,-105,119,-99,-7,-111,-17,-110,61,23,26,-87,6,7,-20,10,96,88,72,54,2,92,82,120,-2,124,81,-3,69,-90,99,19,-40,-56,125,28,-85,81,53,10,-41,-96,-127,82,-31,58,-88,-91,55,102,-111,-56,-8,-83,-116,122,126,-118,-4,54,-73,-119,5,64,104,27,-125,-10,35,-67,-30,-13,122,108,-116,52,47,31,-19,-100,-69,-50,-120,91,-14,-94,-21,-69,-52,95,-65,-54,121,26,40,100,-4,-57,-111,110,-25,54,-49,91,8,-127,77,30,-13,-117,73,-68,88,-125,115,9,121,18,57,118,24,-85,-104,62,-126,81,51,105,3,-39,-74,77,-88,16,125,-55,59,67,-47,-121,-85,6,16,56,94,61,-105,80,-125,-37,90,27,119,88,-49,52,-60,4,81,116,-34,-7,101,100,-81,-44,38,-113,88,79,-128,-26,-44,68,96,-61,-70,118,106,-83,44,-86,6,12,57,127,113,-35,-38,-27,-76,-38,-122,-96,-62,-25,8
07:38:18:0876	83	0,1,0,0,0,0
07:38:22:0215	52	0,0,0,0,2,64,56,-62
07:38:24:0348	129	
07:38:26:0910	32	0,57,48,50,98,51,52,57,99,53,100,57,99
07:38:26:0946	77	13,80,67,38,-67,108,-89,118,94,-89,111,-53,-24,101,-34,100,119,-112,-92,-72,42,-91,77,-80,42,1,-120,61,32,86,65,71,29,111,70,-47,-5,5,50,44,39,53,6,120,-122,72,-71,104,96,99,-68,-128,-6,-17,-18,-76,-62,-96,127,-26,-52,-125,-87,-34,-87,-61,-59,115,-43,65,-86,120,-5,117,-27,-56,18,-41,-107,-112,-44,-56,71,-22,75,118,13,19,33,-65,-100,90,89,-41,-59,31,-105,14,-85,42,29,-84,-125,-84,-13,89,-102,-30,124,-79,85,52,83,-103,-62,-62,-83,-125,45,-74,123,-77,-20,21,94,0,-47,-55,-20,-90,-117,-23,-40,28,-100,-87,32,-12,-82,46,-95,40,19,30,-78,-123,84,-120,65,16,-51,12,-62,-59,56,92,-41,38,97,-58,-47,-111,112,-50,-45,-107,-120,-17,-42,91,70,79,-8,-114,-25,122,-126,-66,-96,-85,74,56,-2,51,-59,46,-3,121,-74,-84,121,-41,-57,-100,-110,110,96,16,-60,-68,89,126,54,38,12,-71,-72,-105,75,-99,123,-118,-42,-90,124,102,62,-84,-124,-4,22,-89,22,-59,-37,-122,55,78,113,116,68,-44,26,-93,112,2,-76,-66,126,-106,50,-55,-60,-92,29,-66,19,-126,66,45,-9,-83,-62,-58,78,92
07:38:27:0509	83	0,1,0,0,0,0
07:38:32:0090	168	0,0,0,0,2,64,56,-62
07:38:36:0485	176	0,1,0,0
07:38:39:0049	176	0,0,0,0
07:38:45:0795	129	
07:38:50:0735	32	0,57,48,50,98,51,52,57,99,53,100,57,99
07:38:50:0740	77	54,-64,-72,-92,35,63,109,-78,59,93,-120,47,-67,67,-127,106,-40,-30,80,97,-97,-46,-122,62,72,73,63,-98,108,-21,-115,118,87,65,31,-127,-25,117,-70,-23,-36,113,30,-42,56,-114,37,-84,118,-81,-52,31,15,32,22,-60,111,109,-33,-102,-39,16,-85,53,-46,104,43,-42,-93,-107,-110,-89,19,18,41,111,-46,-65,45,-93,83,112,-20,-124,117,-111,-49,-115,82,101,36,94,-32,-75,78,-128,82,-59,-49,47,95,-59,32,-21,-36,-99,81,-115,86,101,-7,55,-65,104,78,-53,122,-112,110,-71,-16,-96,-35,-80,-73,48,116,55,77,19,-19,-113,-68,63,76,-44,46,56,-46,-45,114,71,49,56,-57,-103,-128,-122,3,119,58,-49,72,82,-8,4,112,38,-90,75,-97,126,-82,46,75,33,2,-52,-43,81,56,32,27,-94,25,50,-85,-102,125,-51,22,-9,-122,-45,38,29,-33,73,44,37,-75,113,122,-37,118,-31,-128,111,111,-93,3,13,-97,44,-18,89,-116,104,72,-128,-125,-112,-95,118,47,-69,-71,6,-18,-115,-1,74,-48,-98,-103,-40,-4,47,-108,39,97,-32,6,120,27,-18,-19,35,-38,17,-98,107,49,83,88,86,-52,82,8,35,35,101,98,62,-92,-38
07:38:51:0713	83	0,1,0,0,0,0
07:38:56:0079	132	0,125,2,-123,1,-1
07:38:58:0906	176	0,1,0,0
07:39:02:0163	129	
07:39:04:0093	32	0,57,48,50,98,51,52,57,99,53,100,57,99
07:39:04:0147	77	27,24,-73,63,-6,-78,103,11,8,-84,96,-2,-67,61,104,-69,-29,24,105,-13,23,-2,-91,-13,80,-47,100,-41,-35,-23,16,-118,23,28,61,-52,10,-44,29,110,6,101,121,19,-56,-23,79,1,98,122,70,59,36,82,125,-69,-64,121,76,-95,-32,-34,102,50,-49,-2,0,17,3,-74,36,91,-93,26,31,53,-55,-44,75,51,-85,47,44,-71,86,30,53,32,118,42,16,81,-74,-69,-18,-20,-67,126,79,4,32,104,-116,-14,-20,116,51,-44,5,-99,-120,-4,-81,-47,16,29,-25,44,4,104,-87,46,123,32,-114,-94,-113,-57,-96,-29,-107,64,48,-121,75,84,109,28,-74,8,32,-41,71,-27,-126,-2,-121,-49,-28,-48,11,-127,62,108,-25,96,29,35,24,-113,18,-108,76,120,86,-74,-112,86,50,-30,-63,-103,-128,58,48,30,-59,-33,35,-107,106,-26,41,-2,-119,102,-113,-41,-117,-83,-79,-90,-90,12,-33,95,-51,-70,32,35,100,-76,-25,105,-77,-110,99,-92,-111,57,-32,-53,-121,109,95,-101,-46,45,-41,95,8,48,89,86,-18,-103,-36,-111,-103,1,-6,-93,-76,-126,22,6,-50,-121,-114,17,-80,43,124,100,114,105,-82,-36,25,34,-98,-51,89,-27,-86,-100
07:39:04:0797	83	0,1,0,0,0,0
07:42:38:0158	32	0,57,48,50,98,51,52,57,99,53,100,57,99
07:42:38:0202	77	10,74,33,-12,43,117,-61,-26,0,-110,118,4,-69,67,-61,78,82,5,-32,-68,-104,43,-35,-99,42,-94,83,-94,123,97,-79,-123,-57,54,-89,51,80,-69,62,2,-68,-78,99,-57,-17,103,126,93,-5,85,-63,-119,-127,98,95,-28,28,-50,75,-23,61,119,127,-24,82,95,-117,-91,-30,-16,102,-96,1,21,125,1,-18,22,126,33,66,63,-21,-99,45,96,-5,-53,23,54,80,82,1,-43,-36,-30,-91,-113,-90,49,126,-46,-52,-78,114,-121,-19,4,-79,85,100,-75,126,121,-42,55,-46,101,49,-118,123,8,107,120,-8,-116,2,70,-7,-28,-88,-25,23,-110,-72,104,100,-58,115,99,-58,95,-119,112,-1,-6,12,53,-45,-59,-86,-24,3,25,-103,36,-21,90,23,44,72,36,122,-62,5,-117,116,4,-96,-122,-60,-3,19,-91,88,-55,71,-11,51,-77,103,-48,-17,-61,83,-57,19,-81,61,-14,29,3,-105,-4,-35,-17,-61,-101,6,-125,102,-81,-51,-63,-46,54,99,38,73,-47,-22,-59,-80,-65,-94,42,26,-91,-4,-126,104,85,113,-12,-49,-75,81,76,-8,96,83,-116,-91,-25,-119,-58,83,-4,93,-83,18,35,101,84,-127,126,118,10,46,-17,50,69,-101,50,76,122
07:42:38:0763	83	0,1,0,0,0,0
07:42:47:0535	176	0,0,0,0
07:42:49:0732	176	0,1,0,0
07:48:23:0521	32	0,57,48,50,98,51,52,57,99,53,100,57,99
07:48:23:0536	77	38,86,123,52,-25,-126,118,-3,-102,74,-78,-125,81,122,-32,-128,-122,67,77,122,11,24,-103,-82,99,-3,-7,-70,-83,-73,-32,102,-70,-88,74,-15,41,-32,93,71,76,-91,-124,-39,116,-10,94,5,-6,36,-72,-31,55,-109,-10,-74,-60,30,124,-18,14,5,124,-86,43,56,3,-85,-41,35,-122,87,18,21,-118,-60,117,-50,-96,121,-113,4,65,-109,93,68,53,52,82,125,-23,114,-72,-85,8,-81,80,-44,109,76,11,71,-111,-86,-86,-17,-64,4,-99,83,-39,-107,46,71,-14,103,60,6,21,61,83,75,-32,100,107,53,-66,-89,-41,-60,-15,117,-76,-25,-35,65,119,114,11,-102,-75,57,118,-53,2,53,19,-95,-24,107,115,-44,-98,0,-64,12,-66,-4,21,82,84,-102,52,-56,57,-103,25,-95,-65,-72,30,105,110,14,-60,9,-24,-62,-110,109,114,120,15,-74,-29,-115,-63,-71,97,-102,55,-115,-21,-16,-33,-4,101,120,46,-90,17,-119,-108,-28,61,-35,-104,-127,76,114,119,-60,-90,-37,14,-114,106,58,-105,80,17,-126,-5,114,60,-16,-111,10,-126,-49,71,-71,-117,28,6,-106,14,107,-79,-34,-100,-86,106,59,78,-61,-9,-4,34,1,75,-100,-37,54,-116,104
07:48:24:0514	83	0,1,0,0,0,0
07:54:24:0148	32	0,57,48,50,98,51,52,57,99,53,100,57,99
07:54:24:0168	77	6,-51,108,-116,-103,82,43,56,-74,101,-126,102,-91,-125,-50,-10,-8,-97,-10,101,63,-62,-53,14,-38,48,95,104,-68,-23,87,25,-5,-67,-56,-121,49,-68,16,42,74,36,58,-67,60,118,-54,-127,87,41,6,35,64,120,-92,-3,-54,102,45,-115,66,45,-81,-28,68,-79,4,56,-58,-16,116,54,14,82,-51,-88,-94,-59,125,8,24,4,-123,107,40,-32,-95,-88,80,-84,-72,101,38,127,103,8,-39,-19,3,17,-101,-127,-78,-80,127,54,111,-41,36,-106,-13,19,25,-127,90,127,-127,-103,-92,37,-28,2,45,-75,-116,-51,-86,-104,87,-10,45,-49,29,-56,-15,71,18,85,82,-28,-92,111,79,-55,41,115,-55,54,119,72,19,-118,-5,-91,82,-119,-10,-91,119,-110,57,-6,-31,-64,-95,-45,42,-32,38,-40,-72,14,-87,-89,-59,-99,-22,-92,-100,-53,-49,-57,-72,-67,126,-15,-22,77,17,-38,35,-83,-108,8,-54,20,-98,-20,-128,45,-43,-30,93,76,-48,-109,29,82,-56,21,-117,-29,82,21,-14,-19,-41,30,38,-125,-31,7,38,124,-38,-85,-30,87,-1,-84,-60,-69,59,64,-122,10,94,84,112,-113,1,125,-53,-4,-61,67,-76,99,44,-107,-111,-34,124,-33,49,6
07:54:25:0201	83	0,1,0,0,0,0
07:56:16:0037	32	0,57,48,50,98,51,52,57,99,53,100,57,99
07:56:16:0048	77	118,-12,-99,-114,-32,75,-88,-82,106,-109,79,-41,-109,63,79,44,94,-90,-70,113,-86,-1,-72,93,-30,58,-62,120,-47,24,55,-74,106,-66,9,22,125,67,-93,-114,42,-93,29,36,124,-114,58,77,-75,-66,-99,-102,-111,40,81,9,5,118,127,-83,77,39,-22,-66,124,48,-90,-14,-67,-9,111,109,-77,8,72,-36,70,-40,125,-99,-23,2,-88,120,75,103,60,84,77,72,-76,60,-34,-110,-29,82,80,27,-72,-1,113,-103,-47,63,20,-48,79,106,-121,-20,-22,-66,-125,79,107,-12,51,37,-127,103,48,21,-71,108,-76,-127,96,-84,70,22,52,106,98,-38,-40,80,-89,127,21,-49,43,-25,123,114,-2,-41,90,24,94,-61,25,-33,-19,19,-13,113,-67,50,9,-126,103,49,-114,51,-7,-15,-50,105,112,108,-32,120,28,79,-58,-83,-6,-37,30,-68,76,-70,33,65,-63,70,-73,18,-14,-92,-37,86,3,-7,40,27,13,-14,9,96,-122,117,61,70,110,-50,112,-48,126,-128,-83,-60,-69,19,70,-86,-109,46,-107,-90,116,-110,57,23,98,-121,37,-4,-116,-72,-95,-48,-120,-55,12,-122,85,-105,49,-108,-112,61,-4,-76,22,38,-42,-49,53,124,109,-83,-14,63,43,-48
07:56:17:0032	83	0,1,0,0,0,0
08:02:24:0145	32	0,57,48,50,98,51,52,57,99,53,100,57,99
08:02:24:0151	77	84,-83,48,-70,11,99,-69,-73,-53,60,-91,-116,118,112,-24,71,-8,59,67,113,32,108,-96,85,-36,66,-34,-47,-32,-117,76,123,100,-22,-66,-80,-53,73,86,-29,90,111,90,-126,35,88,-9,-119,-54,-40,37,95,59,-24,101,-21,58,-122,-111,-102,15,-104,-93,-115,116,-62,81,110,22,113,89,-65,-37,27,15,-25,-95,-91,-21,-35,-38,-84,-34,17,-124,35,-56,126,-2,54,111,-51,-49,68,-101,101,-90,26,116,101,-91,111,-54,-62,-116,-91,-65,29,26,81,-108,87,120,6,-14,32,3,-125,-77,-121,19,-64,-20,-9,-95,72,53,-1,44,-97,-73,56,31,-85,-97,53,10,-61,89,121,4,18,27,33,-93,-29,87,113,-80,43,-30,-96,-64,-121,-72,-125,-106,-37,-17,-124,111,99,36,56,29,-41,19,-71,-124,116,107,-36,69,-40,114,87,113,87,33,102,22,-91,-39,-30,89,-29,-36,-46,-47,2,-102,49,72,124,40,16,-4,78,-115,115,4,55,-102,48,-117,116,48,38,-115,-76,-127,-15,-96,16,49,79,106,107,-32,-32,-73,50,-66,-15,101,-126,-51,-17,-97,-6,84,-112,-55,-82,-97,-92,-15,110,80,-118,-38,109,32,-105,115,52,19,97,73,69,49,112,31,37,-121,39
08:02:24:0709	83	0,1,0,0,0,0
08:03:49:0950	32	0,57,48,50,98,51,52,57,99,53,100,57,99
08:03:50:0123	77	10,5,44,12,-63,84,-15,-59,-36,-118,-98,113,-21,-70,12,0,68,17,34,108,-128,89,-98,57,83,-106,15,33,119,95,-32,-50,-78,75,-23,-11,28,-33,-23,-18,-89,117,-62,-73,48,69,70,-73,68,-27,112,31,-101,100,-44,79,110,-122,84,65,31,-47,-92,100,10,109,-125,97,103,125,-50,-43,16,53,84,97,17,-48,-120,33,-86,-61,-126,28,-74,31,-93,-72,45,-57,-90,-96,92,-39,-31,69,68,74,3,-52,-37,48,89,14,64,-60,-3,59,33,-87,-26,9,58,10,-58,-75,-20,-11,57,105,56,-87,85,87,-28,-38,-1,113,-50,119,-73,-40,-108,-38,79,-74,29,-92,122,-6,-54,-66,-114,-110,-42,-63,67,16,14,55,-102,57,123,47,-32,-38,-80,6,126,-117,-100,57,-68,64,-57,80,-80,23,5,37,120,112,31,27,35,71,-110,-48,102,-25,-20,50,-29,-43,-45,37,86,54,-9,104,-77,94,27,-56,-15,8,110,87,-118,-30,113,96,-74,112,105,-91,-77,12,-45,101,-110,-128,2,49,3,105,12,74,79,-34,116,55,62,121,-29,-59,72,121,24,32,87,119,-17,76,1,52,-44,-90,48,48,-7,-106,-122,89,106,44,104,36,26,5,-50,93,-48,-51,-60,17
08:03:50:0998	83	0,1,0,0,0,0
08:03:51:0699	132	0,125,2,-125
08:03:54:0155	129	
08:03:57:0553	32	0,57,48,50,98,51,52,57,99,53,100,57,99
08:03:57:0556	77	108,126,-68,-119,88,-6,80,89,5,-101,-60,-55,-106,37,20,59,-102,61,27,-41,121,69,-109,-5,-29,-15,-109,-62,-59,-28,74,-128,-113,-128,71,-103,-56,-93,-1,41,-20,34,1,-128,-63,94,-83,101,-94,104,-68,18,13,-109,-7,-12,7,-35,114,-41,-23,-32,-101,-35,-35,5,-95,67,4,75,19,-64,54,-22,-60,113,65,-49,-78,102,115,-33,83,105,50,-109,-70,-32,9,-17,-72,98,-17,-111,-29,25,0,104,92,63,-127,-37,-98,88,-17,-64,-4,-109,3,119,89,-49,28,-80,31,65,-39,17,89,11,121,-71,-87,-65,-96,-128,112,-11,43,52,63,6,13,-82,5,43,9,51,41,113,-73,107,92,84,43,44,-113,-64,-78,55,-43,51,-111,47,-12,101,48,123,-124,-55,-92,-90,111,121,-117,60,53,-112,126,-90,-5,59,-91,-120,-30,-89,-27,-80,-1,-8,2,35,-48,60,-79,39,81,-45,68,109,-15,-45,-33,-63,94,59,68,-114,-91,-4,-45,122,-72,-103,-111,19,107,-59,-46,-28,-77,66,-110,13,20,124,99,52,0,59,69,29,89,-33,15,4,-113,-10,-109,6,50,16,117,22,-97,116,-65,-42,103,71,-49,73,-44,-56,-17,61,-3,-11,-56,44,95,-108,-13,-37,43,-10
08:03:58:0300	83	0,1,0,0,0,0
08:05:19:0839	32	0,57,48,50,98,51,52,57,99,53,100,57,99
08:05:19:0876	77	50,-26,25,106,-41,89,-121,8,-90,126,-106,74,-99,-96,-95,111,4,3,47,14,-25,-61,23,108,80,-77,-88,57,-34,-38,60,17,-13,40,-75,-26,81,22,106,56,24,-3,77,-52,-54,31,-58,-122,-51,-37,80,-29,64,-30,7,77,77,-93,-86,-67,-114,21,-74,-96,-16,-85,-50,-47,48,90,-103,-107,31,108,-90,126,-64,120,53,92,122,6,-59,125,-6,-87,-38,-5,-25,-93,13,60,19,85,22,67,-124,-68,116,98,-13,-33,-16,89,-86,68,-103,4,-59,-31,34,-87,-102,38,-41,-57,-113,-120,41,-49,65,42,62,-30,123,57,-37,103,43,114,45,85,-4,-69,-101,-88,-14,75,60,120,18,-27,-40,-40,93,23,82,93,-46,3,113,-38,100,-44,-106,-2,12,2,-27,119,-82,57,-122,25,7,-77,-25,41,3,53,-8,-35,78,-77,26,30,-62,50,-100,51,112,96,2,-123,-24,-65,0,106,-4,63,125,-18,-44,-80,-104,-6,-76,-17,96,-123,-28,-35,109,0,-100,-117,69,45,-78,-24,-81,123,-120,-99,-71,108,-69,-41,75,95,-66,47,-57,58,-70,-127,-66,-22,-93,55,13,111,-55,106,-127,8,-8,4,-21,82,39,27,-2,65,62,0,64,122,-50,-62,121,-37,-27,59,25,72
08:05:20:0436	83	0,1,0,0,0,0
08:08:32:0072	32	0,57,48,50,98,51,52,57,99,53,100,57,99
08:08:32:0115	77	38,40,9,-13,-3,-90,-122,-84,15,-54,-86,-7,-91,112,100,127,-41,-100,-127,-82,22,117,-57,61,116,-91,67,15,8,-46,6,71,-59,102,-101,-85,94,-113,18,22,58,-83,65,77,24,27,82,-43,49,55,40,-76,-32,-123,3,28,9,62,117,75,-76,-113,-112,-71,46,119,-51,-64,-68,81,79,-61,20,-111,125,53,-38,-98,94,-77,86,26,29,-95,-101,-38,67,-64,-17,-21,-123,-45,-123,-15,-46,-126,-92,43,69,68,-49,-4,-21,62,75,7,-42,104,-13,3,76,-37,-100,48,89,51,-81,-57,-108,-33,15,124,31,-31,55,-66,-74,111,-28,22,-101,50,100,-126,-26,41,-53,71,105,66,13,19,22,37,-90,-29,-33,39,-43,-63,-9,-87,74,81,-87,123,-12,-53,-59,-128,8,-65,-10,-25,85,60,-31,103,-13,79,8,-102,-112,-32,-19,-26,22,-109,106,-71,-91,74,-106,-101,-68,117,16,123,-80,-56,-115,-116,-73,-52,-3,2,8,63,-68,91,-12,3,110,-33,-99,-50,24,45,-38,-9,-122,-128,-70,-9,33,-112,-38,-66,71,-73,-46,96,40,-88,-101,19,-44,40,70,4,-49,72,-107,11,-27,114,-18,-70,-97,-41,-123,-94,27,80,-119,-127,33,100,-53,11,105,65,-117,-103,83,-33
08:08:32:0669	83	0,1,0,0,0,0
08:12:09:0895	32	0,57,48,50,98,51,52,57,99,53,100,57,99
08:12:09:0927	77	-110,-88,-124,-31,-101,35,-110,92,-32,11,111,-3,-88,-97,-101,96,-93,64,19,71,-102,-54,81,23,-84,-8,76,-124,-34,86,85,-97,-39,-60,-44,0,-25,-93,36,-126,-120,-122,76,52,6,76,103,8,-67,52,-26,-69,-106,-19,-54,-127,4,18,13,102,95,-53,-77,-57,-111,-13,96,23,-51,127,65,42,90,57,-27,53,121,33,76,111,-124,32,14,-81,-34,-44,-26,119,103,23,9,-18,-79,-86,-38,1,-38,74,-9,-64,46,-106,112,5,33,94,-126,105,-1,17,20,-46,-43,-1,36,57,101,118,39,79,-54,-97,14,-45,104,-72,116,118,44,67,-77,6,8,-54,-79,57,-64,21,-83,39,-128,6,14,18,44,-55,22,48,-76,72,68,13,80,-63,-49,-120,-79,5,18,37,-43,120,59,-88,115,-40,12,57,-66,81,-88,111,11,60,-119,33,7,-40,-105,4,1,105,-127,-54,43,95,28,113,98,48,-39,88,-122,-29,-90,-8,-122,-103,28,-123,-26,-108,59,32,-119,51,-73,117,-87,-49,-126,8,-98,30,84,124,-63,74,-2,43,98,-75,8,23,68,-52,59,-66,-52,121,-102,39,-75,86,-98,26,91,-26,-119,-55,-106,70,111,115,55,1,56,-36,114,-86,-91,-124,58,79,64,-32
08:12:10:0538	83	0,1,0,0,0,0
08:12:11:0543	132	0,126,2,-125
08:12:14:0664	176	0,0,0,0
08:12:15:0662	176	0,1,0,0
08:12:22:0253	52	0,0,0,0,2,64,56,-62
08:12:26:0732	176	0,0,0,0
08:12:27:0216	176	0,1,0,0
08:13:15:0929	168	0,0,0,0,2,64,56,-62
08:13:21:0588	52	0,0,0,0,2,64,56,-62
08:13:38:0029	176	0,0,0,0
08:13:39:0308	176	0,1,0,0
08:13:50:0898	176	0,0,0,0
08:13:54:0378	25	0,0,0,0,2,64,56,-62
08:17:09:0743	132	0,126,2,-123,2,2
08:17:18:0798	108	0,0,0,0,2,64,56,-62
08:17:24:0875	25	0,0,0,0,2,64,56,-62
08:17:26:0675	108	0,0,0,0,2,64,56,-62
08:20:08:0618	32	0,57,48,50,98,51,52,57,99,53,100,57,99
08:20:08:0636	77	21,72,-49,44,-13,74,-29,108,64,64,-58,-19,-48,-126,31,-114,20,-83,-127,-120,-63,110,-13,-120,-76,-28,54,118,106,13,-30,-38,12,-57,110,87,105,16,-66,-68,32,5,41,-64,-81,-29,-53,34,-98,-55,55,-63,104,13,80,-124,12,-116,26,70,8,63,78,-104,-78,10,-49,-117,-29,43,63,-49,-29,56,92,-66,-105,97,-17,-51,-1,69,83,83,-99,34,101,84,-100,95,48,24,-96,-25,-81,-72,-6,-31,-80,-21,-21,-12,-82,26,57,35,-56,92,-85,-99,9,-108,-85,101,121,5,-14,-40,-16,-102,-114,35,-61,113,55,-9,-21,-78,-2,102,-26,-79,42,8,68,-110,53,27,-92,4,35,112,-8,-14,-128,-80,-37,8,13,78,-49,-35,25,54,48,-51,-4,92,54,17,26,-60,-68,-52,-4,12,-83,-125,-84,16,-75,-71,110,28,-61,9,118,-93,18,-92,-31,51,-98,-58,-92,67,35,-94,104,-56,12,29,-37,33,69,-62,88,10,-55,82,91,5,-89,62,-89,121,119,32,60,-85,-16,56,6,34,-15,-16,86,96,122,-122,-42,40,-59,-46,48,-10,-82,-63,83,-74,-7,-67,65,-70,-7,22,-68,29,122,49,-37,40,20,-116,-37,49,42,38,41,-108,-29,39,-36,19,114,50
08:20:09:0194	83	0,1,0,0,0,0
08:20:14:0738	52	0,0,0,0,2,64,56,-62
08:20:18:0512	176	0,0,0,0
08:20:19:0519	176	0,1,0,0
08:20:20:0255	176	0,0,0,0
08:20:25:0787	25	0,0,0,0,2,64,56,-62
08:20:30:0105	176	0,1,0,0
08:20:31:0050	176	0,0,0,0
08:20:31:0666	176	0,1,0,0
08:20:32:0114	176	0,0,0,0
08:20:32:0523	176	0,1,0,0
08:20:32:0934	176	0,0,0,0
08:20:32:0934	176	0,1,0,0
08:20:33:0351	176	0,0,0,0
08:20:36:0212	108	0,0,0,0,2,64,56,-62
08:20:42:0055	176	0,1,0,0
08:20:42:0531	176	0,0,0,0
08:21:16:0620	129	
08:21:19:0550	32	0,57,48,50,98,51,52,57,99,53,100,57,99
08:21:19:0571	77	-115,-73,120,107,12,98,27,9,107,112,31,120,-65,-106,112,-44,2,17,-126,-91,117,-96,16,71,-128,89,-77,61,97,115,-123,42,11,-34,-72,-100,-64,-17,-71,-24,51,-16,-20,19,47,-103,-35,-108,-117,107,-45,-10,-127,-4,91,-28,-99,105,56,118,-66,-45,42,47,-112,-105,-61,114,-107,-90,-56,-8,45,-21,-72,-93,77,-23,-25,111,78,-112,-122,108,104,21,122,-87,64,-27,54,30,123,-73,-10,53,107,-37,-117,122,70,-106,-72,63,67,99,-83,108,-39,5,-89,24,29,17,66,4,-87,121,1,-46,104,6,118,105,13,63,44,39,91,-93,-99,-111,120,-52,127,120,56,-58,-1,-66,20,-10,-5,78,30,-116,112,-32,8,20,-55,72,96,-34,-125,74,35,-2,17,26,-55,-48,-54,-104,-63,2,88,33,-19,119,8,-71,-78,1,125,105,47,14,-81,18,77,-86,108,-128,45,50,-32,114,-49,-122,25,67,51,-58,119,-3,68,-52,2,64,19,-99,123,61,109,-25,-27,56,-123,7,75,-100,115,-108,-72,74,-93,-26,-116,-30,48,49,-121,30,122,-103,71,26,88,77,124,-94,9,121,19,-79,37,61,-96,98,-107,-52,92,107,-104,-6,72,-109,-84,-70,-109,-85,-4,118,-96,0
08:21:20:0126	83	0,1,0,0,0,0
08:21:28:0492	176	0,1,0,0
08:21:29:0160	176	0,0,0,0
08:21:33:0997	25	0,0,0,0,2,64,56,-62
08:21:36:0498	176	0,1,0,0
08:21:37:0049	176	0,0,0,0
08:21:38:0825	129	
08:21:49:0256	32	0,57,48,50,98,51,52,57,99,53,100,57,99
08:21:49:0295	77	91,47,75,65,123,-75,-100,-56,2,-48,-38,101,-6,-103,-125,58,-48,19,-89,117,124,-12,63,-125,-32,-38,27,63,7,-61,9,70,-73,-47,-17,76,-24,-65,95,121,-114,-103,-64,-33,-122,125,-69,58,47,-117,-53,39,-48,-49,64,55,-103,7,28,-55,-57,31,5,63,-59,-80,28,53,-71,-21,-5,-21,10,109,70,-41,-66,-20,-20,-50,-7,-90,-92,119,-95,117,-60,-5,-33,-10,-87,89,-99,91,-27,-76,49,20,-8,-100,112,113,-27,65,0,-68,-113,2,124,-22,-49,-109,80,-16,-103,56,127,76,76,-116,73,-78,-30,49,-109,-107,68,-124,-88,93,55,28,32,65,-16,-1,-24,108,42,9,-4,-108,77,-13,-69,119,124,1,-39,22,18,-19,-74,-54,-37,-124,30,-118,45,-56,-98,-23,75,60,-77,-89,18,54,-11,63,-34,2,-73,57,54,-69,88,126,-3,-60,-43,-6,-27,80,116,-97,31,-121,53,64,91,96,-86,71,37,101,90,15,33,-13,-38,-77,76,26,-50,22,-19,-118,36,125,-46,46,-124,25,-103,76,-33,-7,-11,13,-47,-3,102,-61,-98,-3,103,127,57,-124,116,-119,-41,-25,106,-87,-112,11,-82,109,111,-34,-115,-26,-103,-53,20,-8,-71,-6,-117,81,86,-44,-22,80
08:21:49:0850	83	0,1,0,3,0,0
08:22:07:0008	108	0,0,0,0,2,64,56,-62
08:27:38:0357	32	0,57,48,50,98,51,52,57,99,53,100,57,99
08:27:38:0379	77	81,-41,-36,-118,-105,-73,108,116,50,16,88,83,-56,81,-94,41,96,81,36,-35,68,-118,-110,-65,47,28,31,-77,-29,81,-53,-43,-26,30,28,-116,-41,-75,-122,62,-9,80,63,-73,116,109,54,-87,-38,7,85,125,54,41,-106,45,-93,102,-43,93,-19,69,-123,-29,-40,99,-51,20,94,-128,-63,-76,59,-24,-1,-125,81,111,-29,10,62,99,-60,-100,-33,3,24,-1,-3,112,-92,-119,-122,56,-93,-115,56,-62,113,-21,-70,5,-27,8,-14,80,98,125,-57,-117,-95,-48,63,-21,55,60,19,65,76,17,-123,-40,89,8,-81,-40,-111,-75,47,-97,-4,25,-68,58,99,-94,-58,-100,100,115,-110,79,117,-68,84,-67,37,-127,-115,39,61,67,-80,-56,64,68,-88,-127,-115,13,53,55,124,-4,66,79,82,-63,7,-52,-60,-26,66,-9,-3,-15,29,67,-5,-59,-106,70,-96,73,43,-42,-126,-119,67,-11,-7,-32,-121,26,114,66,18,-120,119,109,-66,55,2,-107,-90,-8,-1,-32,-11,-75,62,-47,-63,97,-13,106,-21,-71,71,119,66,-85,107,-8,-18,-93,-50,110,113,-74,39,-43,118,-90,58,-48,-121,0,-28,87,37,-91,-68,120,-71,1,63,113,11,-90,87,-123,-32,121,-92,42
08:27:41:0276	83	0,1,0,1,0,0
08:27:42:0940	108	0,0,0,0,2,64,56,-62
08:27:52:0190	25	0,0,0,0,2,64,56,-62
08:30:16:0853	32	0,57,48,50,98,51,52,57,99,53,100,57,99
08:30:16:0872	77	79,103,59,41,-18,19,47,55,65,31,4,-116,-122,-118,-27,-10,-73,95,46,121,-84,-74,61,50,42,-123,-84,-45,-27,-15,-83,113,-113,-112,60,-116,53,100,127,-10,-78,113,115,-89,-75,-125,4,125,-64,-39,103,91,3,7,-25,2,100,7,96,102,84,-51,39,99,90,41,17,-61,-124,121,-102,58,-31,10,-13,82,70,-124,-85,97,90,70,115,22,-50,-85,67,-104,-117,120,4,2,-44,-92,88,-53,93,31,21,47,95,93,11,-28,-105,-42,-38,113,112,-43,62,91,-79,-7,16,80,93,119,39,110,-17,-23,21,-53,-36,70,-30,22,120,-101,-45,34,36,-38,64,-119,-80,-4,-110,56,-1,-127,11,-55,97,-42,-36,116,-97,61,9,54,29,-83,-27,-92,31,-62,55,89,-79,-94,-48,-92,-128,126,-109,65,26,-41,33,-109,-1,30,-82,91,-26,-48,-63,-10,58,85,-122,120,-8,69,30,-75,59,108,-95,19,-76,10,-92,-42,-74,-7,-125,-15,77,-110,89,-53,-29,127,-114,118,3,46,-34,-105,65,57,-122,-24,-48,-113,-45,-51,-72,105,25,33,-118,-63,-18,96,6,48,-112,-42,7,120,-30,-91,68,-99,96,-110,62,89,123,-112,100,-53,-61,-112,-56,-87,51,75,-77,63,38,-63
08:30:19:0662	83	0,1,0,1,0,0
08:30:25:0073	108	0,0,0,0,2,64,56,-62
08:30:28:0249	129	
08:30:32:0213	32	0,57,48,50,98,51,52,57,99,53,100,57,99
08:30:32:0242	77	116,-25,101,-91,-39,112,20,-19,13,116,72,3,46,123,56,104,-70,-27,-104,-49,-111,-41,-6,-46,16,-122,-55,-52,5,-77,-124,46,60,61,-73,91,113,67,0,39,98,-32,60,-50,108,61,34,114,-79,-2,74,-79,29,-1,22,-126,-109,-73,80,116,-21,-73,-85,27,-118,-71,15,-37,1,-121,0,-30,-34,-51,120,70,-111,-52,-54,-36,28,31,-102,7,17,84,111,-52,109,-88,51,20,-93,10,51,-1,-63,23,60,-59,81,36,4,126,-109,-94,40,3,-4,113,-60,-32,123,-69,-53,-122,125,56,-119,54,-124,-3,16,-28,55,14,86,-101,-24,-82,103,98,96,91,-72,-55,-37,-85,-100,-21,-65,16,-115,80,7,67,69,23,70,-25,-33,-92,106,-4,92,112,2,35,103,48,103,-38,-100,-123,-55,112,-31,-43,14,30,53,-31,-82,8,-38,93,-37,-73,34,-83,9,-121,96,-20,30,-85,14,74,77,60,-52,-128,-85,-20,-34,-94,5,45,-75,-29,-99,66,-85,-17,33,85,-42,-83,-65,-7,-31,-56,-100,-66,-18,96,-57,-31,-44,-112,108,-8,59,-57,84,92,-119,-116,73,90,-55,127,-107,122,-53,119,-82,29,-116,58,-20,-82,-30,76,-103,34,-105,-123,-45,-101,-89,109,104,-101,-52,124
08:30:32:0802	83	0,1,0,1,0,0
08:30:37:0486	25	0,0,0,0,2,64,56,-62
08:32:07:0736	32	0,57,48,50,98,51,52,57,99,53,100,57,99
08:32:07:0758	77	-106,-47,3,-53,111,50,-59,-127,76,90,-19,-16,-84,110,-79,-125,90,89,25,123,-1,101,46,-91,42,-30,-48,-110,66,43,64,-124,42,69,101,-62,-128,-17,79,-68,-6,55,120,-116,-119,97,-90,24,-9,-4,74,29,89,59,-121,-16,9,12,12,-46,-65,30,12,39,-15,-107,11,-46,-112,82,-6,-43,66,-24,-43,22,82,1,-87,-126,-78,118,52,66,13,-122,37,-69,-59,-70,53,21,101,-122,72,-15,86,-4,2,81,100,46,31,-52,108,36,-119,97,121,-24,93,-29,11,96,56,56,14,107,91,85,49,126,-127,-10,-15,127,101,66,-42,94,-31,53,124,119,-87,74,-68,-100,98,-114,-71,-6,89,36,12,-125,-113,103,93,108,-41,-110,11,-81,-40,73,-15,102,-89,74,30,52,-30,-89,39,10,-49,97,-49,-112,85,-86,-75,-109,-61,58,-68,-4,87,66,-21,-128,11,55,100,-70,-75,-97,43,114,-101,-112,55,-5,-41,34,-78,-103,19,-74,52,-89,-119,-76,115,93,35,94,-95,20,22,56,115,-85,-58,121,-31,114,-3,24,-120,100,61,53,-66,114,-34,-74,47,38,-58,69,-120,102,109,69,-45,111,-56,-115,48,-120,91,34,-109,45,-13,104,80,106,-79,-17,-81,-17,79,-124
08:32:08:0681	83	0,1,0,0,0,0
08:32:21:0510	25	0,0,0,0,2,64,56,-62
08:34:54:0140	32	0,57,48,50,98,51,52,57,99,53,100,57,99
08:34:54:0197	77	-106,-15,-15,9,6,93,-5,-12,2,-94,-99,110,-58,79,-31,-70,48,51,-17,-59,30,-8,76,-37,7,-59,-21,27,85,-46,1,-124,91,118,102,-126,84,86,-72,-105,49,31,87,45,-70,29,53,-62,16,62,60,97,-78,-31,91,108,85,-10,-88,99,-111,-89,97,-18,-2,-116,-76,98,-84,79,54,113,95,-91,-60,75,103,15,-74,-84,93,47,108,-67,-28,-18,16,-68,62,101,-5,115,-49,85,-109,-65,-113,-111,2,69,-100,-93,-15,9,-18,22,-127,42,94,103,-45,-125,42,-78,83,59,63,-112,-81,111,114,26,116,-59,1,-109,31,15,36,116,6,81,84,-114,10,-128,33,73,-18,92,98,90,70,73,-26,-112,89,11,-60,45,-85,-6,-41,-57,2,27,27,-60,-29,-80,50,99,-117,53,31,89,-35,107,64,-103,25,-7,-41,-98,-28,90,88,-125,4,-28,74,57,-65,-48,83,-62,33,63,21,-18,-100,-92,57,-37,-64,123,56,63,-62,51,-80,-40,101,73,-72,60,-11,74,5,97,-92,-34,-59,-58,-19,-114,-16,21,-46,72,-70,77,117,117,-20,34,-39,109,70,79,116,-21,95,-39,84,-71,114,-4,0,-27,-115,124,-88,-39,-117,86,-90,-1,-122,-35,-6,-82,48,-105,83,14
08:34:56:0685	83	0,1,0,1,0,0
08:34:58:0900	25	0,0,0,0,2,64,56,-62
08:35:03:0419	129	
08:35:05:0891	32	0,57,48,50,98,51,52,57,99,53,100,57,99
08:35:05:0926	77	75,100,71,3,85,-13,112,2,119,-82,8,-126,-71,4,107,-16,40,-27,-26,37,57,-79,-15,49,53,34,-99,-100,124,-23,63,-19,-125,-28,-62,26,-52,-26,-74,-57,70,-86,-84,-97,-98,-40,28,-74,-123,-17,-38,68,-12,-56,88,-37,-14,120,27,7,32,42,13,7,-14,92,29,117,120,19,113,-102,21,34,12,-65,109,-110,121,60,-32,46,-77,-124,-45,8,113,2,53,-65,-57,-46,-77,32,10,-65,104,-59,-14,-56,93,4,-7,-15,-121,20,-12,-114,80,-27,64,-18,-22,-89,70,28,97,18,-79,-22,49,96,-7,63,39,12,-43,36,109,-34,4,109,-59,-117,-37,-119,98,12,96,-63,97,-118,-24,-96,127,-40,98,15,78,34,-49,-107,94,0,57,91,-92,-87,-114,94,49,-74,116,22,-105,38,-5,38,-26,-67,-38,-44,-84,-77,-116,-46,83,-47,-104,-100,119,-115,89,-58,-47,-48,116,41,-37,-110,118,26,-48,-109,80,33,-4,-84,-26,-116,-65,24,43,-62,39,40,-22,-6,-17,1,100,97,-91,-32,-68,-119,-113,-91,-125,-69,33,-107,24,-3,91,99,-89,21,-36,-72,-27,45,106,86,41,-118,-73,-74,31,-89,-85,30,23,-77,-18,-127,60,-27,-75,8,124,46,-14,-85,22,125
08:35:06:0484	83	0,1,0,1,0,0
08:36:00:0373	108	0,0,0,0,2,64,56,-62
08:36:07:0670	132	0,126,2,-125,2,2
08:36:11:0151	129	
08:36:13:0839	32	0,57,48,50,98,51,52,57,99,53,100,57,99
08:36:13:0861	77	64,12,54,28,-128,86,-4,118,35,-6,-125,31,-19,-31,100,-99,-19,-42,74,-102,-112,-86,-124,-63,-112,6,-15,42,-26,-48,-72,28,50,-16,33,81,-122,43,-7,30,-8,-22,12,-38,120,-87,-56,-25,90,43,-75,18,-94,84,-53,-81,99,119,-46,78,62,98,-124,48,82,36,9,54,-11,112,-70,13,80,-81,56,-72,113,-116,-94,-96,-97,124,57,-5,-125,-66,32,15,80,5,-26,35,107,118,97,-117,47,11,-70,-123,-50,-86,-55,-8,-125,83,-125,-2,8,6,-37,-49,-40,-95,115,75,-5,12,49,-57,95,72,112,92,-5,66,-14,-109,-33,116,85,-53,99,90,-56,-18,-16,-50,31,56,47,-61,-13,110,10,13,24,-7,-37,71,-108,-47,-83,-24,95,-89,-63,-43,45,-33,-28,-116,80,-51,13,36,-65,87,31,-63,51,-113,69,-23,-68,-53,-72,-40,-69,126,-48,0,-105,-96,-11,111,25,-17,47,85,-92,66,49,114,1,81,-3,8,-60,103,-11,66,85,-97,-96,38,-45,-94,-113,-67,-19,36,90,71,15,-83,-21,72,2,-6,-4,-76,69,2,-121,-127,59,15,101,-117,66,118,84,96,124,-46,-46,34,-128,-19,-63,24,-8,122,-95,113,-125,38,-34,126,110,80,90,-48,-11,70
08:36:14:0421	83	0,1,0,1,0,0
08:36:22:0264	25	0,0,0,0,2,64,56,-62
08:41:53:0076	32	0,57,48,50,98,51,52,57,99,53,100,57,99
08:41:53:0085	77	98,-113,-113,-77,-74,7,40,-104,-38,-2,-33,55,-98,-104,-106,-4,62,-62,110,-116,5,-99,27,11,-101,75,-110,37,74,106,-91,-46,39,124,-53,-28,127,-91,-11,-109,65,62,-101,93,-77,47,-107,-88,-52,73,103,88,-114,52,76,76,-77,-110,-109,47,6,61,-17,107,42,82,5,-75,94,121,69,29,49,100,-70,-118,25,-71,-105,76,109,8,54,121,-117,-44,27,-126,115,11,-112,11,42,81,126,102,89,121,126,-110,-22,-60,6,107,54,-96,-120,43,103,-82,80,-41,38,-100,-122,-17,38,125,87,-69,32,-31,-6,-84,-22,-128,-60,16,46,108,64,-49,-24,-12,124,123,2,73,-1,94,6,22,46,-19,-113,83,30,-13,-4,-120,82,73,88,-128,-78,-49,5,-10,99,117,75,-65,36,-15,67,86,-4,-15,80,113,41,-40,-44,37,126,-104,-76,49,127,-57,-123,112,-113,-78,-31,20,-101,2,39,-48,-56,28,8,-26,25,99,101,25,-23,56,82,-77,-84,10,74,-14,55,-7,109,-121,-28,-47,98,71,67,55,90,-121,116,6,-18,-28,0,24,-18,-97,-115,-126,-119,7,104,-55,39,122,-9,-74,-118,-9,17,-24,-55,-7,-25,92,-123,62,120,39,12,-52,-44,33,59,101,-75,-30
08:41:57:0651	83	0,1,0,1,0,0
08:42:04:0137	25	0,0,0,0,2,64,56,-62
08:42:07:0330	108	0,0,0,0,2,64,56,-62
08:42:09:0984	176	0,1,0,0
08:42:10:0851	176	0,0,0,0
08:42:16:0268	176	0,1,0,0
08:42:22:0200	168	0,0,0,0,2,64,56,-62
08:42:24:0664	129	
08:42:26:0856	32	0,57,48,50,98,51,52,57,99,53,100,57,99
08:42:26:0872	77	5,-99,63,84,-3,127,22,115,24,80,37,-34,-118,6,-124,-117,-40,39,-49,-60,-60,-101,-42,-125,1,-89,-42,46,-49,-121,-79,-2,7,-53,-19,-117,-45,-45,7,-42,54,25,22,-89,-51,-10,64,-7,-2,26,26,112,-126,-110,25,28,-126,111,85,87,117,-57,-117,-112,84,37,23,-100,48,-88,93,35,-8,-56,118,28,110,-97,91,-72,-76,-33,-83,96,-21,-64,-7,-93,58,120,32,46,77,-86,-80,107,-118,112,107,28,-70,102,-103,-88,48,109,18,-95,42,-79,5,99,121,-92,127,1,27,51,92,4,-56,9,-81,-57,48,42,1,-36,113,-34,-71,-45,85,-45,-23,36,-2,92,14,104,61,-66,-70,45,113,60,-86,-14,122,62,103,21,-75,0,-97,123,-109,-73,-31,112,65,-68,-126,22,92,-109,-13,74,117,6,25,75,-123,2,11,-85,-14,57,76,62,120,6,5,67,-122,-87,-64,18,-63,116,83,112,29,88,86,61,-91,-108,4,111,31,67,48,-16,-63,-67,-119,-95,120,100,5,-51,-38,103,-33,-125,-9,54,-97,11,-128,-74,-35,-34,20,41,51,32,-35,-3,-43,-96,-128,-118,-85,-95,12,-87,-21,-109,-119,87,118,96,22,-115,28,96,103,13,87,34,100,-69,57,109
08:42:27:0469	83	0,1,0,1,0,0
